[debug] [2021-01-14T05:45:56.164Z] ----------------------------------------------------------------------
[debug] [2021-01-14T05:45:56.168Z] Command:       C:\Program Files\nodejs\node.exe C:\Users\Cinni\AppData\Roaming\npm\node_modules\firebase-tools\lib\bin\firebase.js emulators:start
[debug] [2021-01-14T05:45:56.169Z] CLI Version:   9.1.0
[debug] [2021-01-14T05:45:56.169Z] Platform:      win32
[debug] [2021-01-14T05:45:56.169Z] Node Version:  v12.18.3
[debug] [2021-01-14T05:45:56.170Z] Time:          Thu Jan 14 2021 11:15:56 GMT+0530 (India Standard Time)
[debug] [2021-01-14T05:45:56.171Z] ----------------------------------------------------------------------
[debug] [2021-01-14T05:45:56.171Z] 
[debug] [2021-01-14T05:45:56.186Z] > command requires scopes: ["email","openid","https://www.googleapis.com/auth/cloudplatformprojects.readonly","https://www.googleapis.com/auth/firebase","https://www.googleapis.com/auth/cloud-platform"]
[debug] [2021-01-14T05:45:56.187Z] > authorizing via signed-in user
[info] i  emulators: Starting emulators: functions {"metadata":{"emulator":{"name":"hub"},"message":"Starting emulators: functions"}}
[warn] !  emulators: It seems that you are running multiple instances of the emulator suite for project challenge-57e90. This may result in unexpected behavior. 
[debug] [2021-01-14T05:45:57.249Z] [hub] writing locator at C:\Users\Cinni\AppData\Local\Temp\hub-challenge-57e90.json
[warn] !  functions: The following emulators are not running, calls to these services from the Functions emulator will affect production: auth, firestore, database, hosting, pubsub {"metadata":{"emulator":{"name":"functions"},"message":"The following emulators are not running, calls to these services from the Functions emulator will affect production: \u001b[1mauth, firestore, database, hosting, pubsub\u001b[22m"}}
[info] +  functions: Using node@12 from host. {"metadata":{"emulator":{"name":"functions"},"message":"Using node@12 from host."}}
[debug] [2021-01-14T05:45:58.404Z] defaultcredentials: writing to file C:\Users\Cinni\AppData\Roaming\firebase\agarwalchirag112_gmail_com_application_default_credentials.json
[debug] [2021-01-14T05:45:58.410Z] Setting GAC to C:\Users\Cinni\AppData\Roaming\firebase\agarwalchirag112_gmail_com_application_default_credentials.json {"metadata":{"emulator":{"name":"functions"},"message":"Setting GAC to C:\\Users\\Cinni\\AppData\\Roaming\\firebase\\agarwalchirag112_gmail_com_application_default_credentials.json"}}
[debug] [2021-01-14T05:46:00.496Z] Ignoring unsupported arg: auto_download {"metadata":{"emulator":{"name":"ui"},"message":"Ignoring unsupported arg: auto_download"}}
[debug] [2021-01-14T05:46:00.497Z] Ignoring unsupported arg: port {"metadata":{"emulator":{"name":"ui"},"message":"Ignoring unsupported arg: port"}}
[debug] [2021-01-14T05:46:00.497Z] Starting Emulator UI with command {"binary":"node","args":["C:\\Users\\Cinni\\.cache\\firebase\\emulators\\ui-v1.4.1\\server.bundle.js"],"optionalArgs":[],"joinArgs":false} {"metadata":{"emulator":{"name":"ui"},"message":"Starting Emulator UI with command {\"binary\":\"node\",\"args\":[\"C:\\\\Users\\\\Cinni\\\\.cache\\\\firebase\\\\emulators\\\\ui-v1.4.1\\\\server.bundle.js\"],\"optionalArgs\":[],\"joinArgs\":false}"}}
[info] i  ui: Emulator UI logging to ui-debug.log {"metadata":{"emulator":{"name":"ui"},"message":"Emulator UI logging to \u001b[1mui-debug.log\u001b[22m"}}
[debug] [2021-01-14T05:46:00.932Z] Web / API server started at http://localhost:4000
 {"metadata":{"emulator":{"name":"ui"},"message":"Web / API server started at http://localhost:4000\n"}}
[info] i  functions: Watching "D:\AmazonClone\amazon-clone\functions" for Cloud Functions... {"metadata":{"emulator":{"name":"functions"},"message":"Watching \"D:\\AmazonClone\\amazon-clone\\functions\" for Cloud Functions..."}}
[debug] [2021-01-14T05:46:01.426Z] [worker-pool] addWorker(~diagnostic~) {"metadata":{"emulator":{"name":"functions"},"message":"[worker-pool] addWorker(~diagnostic~)"}}
[debug] [2021-01-14T05:46:01.426Z] [worker-pool] Adding worker with key ~diagnostic~, total=1 {"metadata":{"emulator":{"name":"functions"},"message":"[worker-pool] Adding worker with key ~diagnostic~, total=1"}}
[debug] [2021-01-14T05:46:01.427Z] [worker-pool] submitWork(triggerId=) {"metadata":{"emulator":{"name":"functions"},"message":"[worker-pool] submitWork(triggerId=)"}}
[debug] [2021-01-14T05:46:01.428Z] [worker-~diagnostic~-f61dcd00-df41-47ec-bb96-44e52e73a632]: Assigning socketPath: \\?\pipe\D:\AmazonClone\amazon-clone\functions\4080 {"metadata":{"emulator":{"name":"functions"},"message":"[worker-~diagnostic~-f61dcd00-df41-47ec-bb96-44e52e73a632]: Assigning socketPath: \\\\?\\pipe\\D:\\AmazonClone\\amazon-clone\\functions\\4080"}}
[debug] [2021-01-14T05:46:01.430Z] [worker-~diagnostic~-f61dcd00-df41-47ec-bb96-44e52e73a632]: BUSY {"metadata":{"emulator":{"name":"functions"},"message":"[worker-~diagnostic~-f61dcd00-df41-47ec-bb96-44e52e73a632]: BUSY"}}
[debug] [2021-01-14T05:46:02.083Z] [runtime-status] [4080] Functions runtime initialized. {"cwd":"D:\\AmazonClone\\amazon-clone\\functions","node_version":"12.18.3"} {"metadata":{"emulator":{"name":"functions"},"message":"[runtime-status] [4080] Functions runtime initialized. {\"cwd\":\"D:\\\\AmazonClone\\\\amazon-clone\\\\functions\",\"node_version\":\"12.18.3\"}"}}
[debug] [2021-01-14T05:46:02.084Z] [runtime-status] [4080] Disabled runtime features: undefined {"metadata":{"emulator":{"name":"functions"},"message":"[runtime-status] [4080] Disabled runtime features: undefined"}}
[debug] [2021-01-14T05:46:02.094Z] [runtime-status] [4080] Resolved module firebase-admin {"declared":true,"installed":true,"version":"9.4.2","resolution":"D:\\AmazonClone\\amazon-clone\\functions\\node_modules\\firebase-admin\\lib\\index.js"} {"metadata":{"emulator":{"name":"functions"},"message":"[runtime-status] [4080] Resolved module firebase-admin {\"declared\":true,\"installed\":true,\"version\":\"9.4.2\",\"resolution\":\"D:\\\\AmazonClone\\\\amazon-clone\\\\functions\\\\node_modules\\\\firebase-admin\\\\lib\\\\index.js\"}"}}
[debug] [2021-01-14T05:46:02.099Z] [runtime-status] [4080] Resolved module firebase-functions {"declared":true,"installed":true,"version":"3.13.0","resolution":"D:\\AmazonClone\\amazon-clone\\functions\\node_modules\\firebase-functions\\lib\\index.js"} {"metadata":{"emulator":{"name":"functions"},"message":"[runtime-status] [4080] Resolved module firebase-functions {\"declared\":true,\"installed\":true,\"version\":\"3.13.0\",\"resolution\":\"D:\\\\AmazonClone\\\\amazon-clone\\\\functions\\\\node_modules\\\\firebase-functions\\\\lib\\\\index.js\"}"}}
[debug] [2021-01-14T05:46:02.101Z] [runtime-status] [4080] Resolved module firebase-functions {"declared":true,"installed":true,"version":"3.13.0","resolution":"D:\\AmazonClone\\amazon-clone\\functions\\node_modules\\firebase-functions\\lib\\index.js"} {"metadata":{"emulator":{"name":"functions"},"message":"[runtime-status] [4080] Resolved module firebase-functions {\"declared\":true,\"installed\":true,\"version\":\"3.13.0\",\"resolution\":\"D:\\\\AmazonClone\\\\amazon-clone\\\\functions\\\\node_modules\\\\firebase-functions\\\\lib\\\\index.js\"}"}}
[debug] [2021-01-14T05:46:02.105Z] [runtime-status] [4080] Outgoing network have been stubbed. [{"name":"http","status":"mocked"},{"name":"http","status":"mocked"},{"name":"https","status":"mocked"},{"name":"https","status":"mocked"},{"name":"net","status":"mocked"}] {"metadata":{"emulator":{"name":"functions"},"message":"[runtime-status] [4080] Outgoing network have been stubbed. [{\"name\":\"http\",\"status\":\"mocked\"},{\"name\":\"http\",\"status\":\"mocked\"},{\"name\":\"https\",\"status\":\"mocked\"},{\"name\":\"https\",\"status\":\"mocked\"},{\"name\":\"net\",\"status\":\"mocked\"}]"}}
[debug] [2021-01-14T05:46:02.107Z] [runtime-status] [4080] Resolved module firebase-functions {"declared":true,"installed":true,"version":"3.13.0","resolution":"D:\\AmazonClone\\amazon-clone\\functions\\node_modules\\firebase-functions\\lib\\index.js"} {"metadata":{"emulator":{"name":"functions"},"message":"[runtime-status] [4080] Resolved module firebase-functions {\"declared\":true,\"installed\":true,\"version\":\"3.13.0\",\"resolution\":\"D:\\\\AmazonClone\\\\amazon-clone\\\\functions\\\\node_modules\\\\firebase-functions\\\\lib\\\\index.js\"}"}}
[debug] [2021-01-14T05:46:02.579Z] [runtime-status] [4080] Checked functions.config() {"config":{}} {"metadata":{"emulator":{"name":"functions"},"message":"[runtime-status] [4080] Checked functions.config() {\"config\":{}}"}}
[debug] [2021-01-14T05:46:02.580Z] [runtime-status] [4080] firebase-functions has been stubbed. {"functionsResolution":{"declared":true,"installed":true,"version":"3.13.0","resolution":"D:\\AmazonClone\\amazon-clone\\functions\\node_modules\\firebase-functions\\lib\\index.js"}} {"metadata":{"emulator":{"name":"functions"},"message":"[runtime-status] [4080] firebase-functions has been stubbed. {\"functionsResolution\":{\"declared\":true,\"installed\":true,\"version\":\"3.13.0\",\"resolution\":\"D:\\\\AmazonClone\\\\amazon-clone\\\\functions\\\\node_modules\\\\firebase-functions\\\\lib\\\\index.js\"}}"}}
[debug] [2021-01-14T05:46:02.581Z] [runtime-status] [4080] Resolved module firebase-functions {"declared":true,"installed":true,"version":"3.13.0","resolution":"D:\\AmazonClone\\amazon-clone\\functions\\node_modules\\firebase-functions\\lib\\index.js"} {"metadata":{"emulator":{"name":"functions"},"message":"[runtime-status] [4080] Resolved module firebase-functions {\"declared\":true,\"installed\":true,\"version\":\"3.13.0\",\"resolution\":\"D:\\\\AmazonClone\\\\amazon-clone\\\\functions\\\\node_modules\\\\firebase-functions\\\\lib\\\\index.js\"}"}}
[debug] [2021-01-14T05:46:02.586Z] [runtime-status] [4080] Resolved module firebase-admin {"declared":true,"installed":true,"version":"9.4.2","resolution":"D:\\AmazonClone\\amazon-clone\\functions\\node_modules\\firebase-admin\\lib\\index.js"} {"metadata":{"emulator":{"name":"functions"},"message":"[runtime-status] [4080] Resolved module firebase-admin {\"declared\":true,\"installed\":true,\"version\":\"9.4.2\",\"resolution\":\"D:\\\\AmazonClone\\\\amazon-clone\\\\functions\\\\node_modules\\\\firebase-admin\\\\lib\\\\index.js\"}"}}
[debug] [2021-01-14T05:46:02.587Z] [runtime-status] [4080] Resolved module firebase-functions {"declared":true,"installed":true,"version":"3.13.0","resolution":"D:\\AmazonClone\\amazon-clone\\functions\\node_modules\\firebase-functions\\lib\\index.js"} {"metadata":{"emulator":{"name":"functions"},"message":"[runtime-status] [4080] Resolved module firebase-functions {\"declared\":true,\"installed\":true,\"version\":\"3.13.0\",\"resolution\":\"D:\\\\AmazonClone\\\\amazon-clone\\\\functions\\\\node_modules\\\\firebase-functions\\\\lib\\\\index.js\"}"}}
[debug] [2021-01-14T05:46:02.589Z] [runtime-status] [4080] firebase-admin has been stubbed. {"adminResolution":{"declared":true,"installed":true,"version":"9.4.2","resolution":"D:\\AmazonClone\\amazon-clone\\functions\\node_modules\\firebase-admin\\lib\\index.js"}} {"metadata":{"emulator":{"name":"functions"},"message":"[runtime-status] [4080] firebase-admin has been stubbed. {\"adminResolution\":{\"declared\":true,\"installed\":true,\"version\":\"9.4.2\",\"resolution\":\"D:\\\\AmazonClone\\\\amazon-clone\\\\functions\\\\node_modules\\\\firebase-admin\\\\lib\\\\index.js\"}}"}}
[info] +  functions[api]: http function initialized (http://localhost:5001/challenge-57e90/us-central1/api). {"metadata":{"emulator":{"name":"functions"},"message":"\u001b[1mhttp\u001b[22m function initialized (http://localhost:5001/challenge-57e90/us-central1/api)."}}
[info] 
┌─────────────────────────────────────────────────────────────┐
│ ✔  All emulators ready! It is now safe to connect your app. │
│ i  View Emulator UI at http://localhost:4000                │
└─────────────────────────────────────────────────────────────┘

┌───────────┬────────────────┬─────────────────────────────────┐
│ Emulator  │ Host:Port      │ View in Emulator UI             │
├───────────┼────────────────┼─────────────────────────────────┤
│ Functions │ localhost:5001 │ http://localhost:4000/functions │
└───────────┴────────────────┴─────────────────────────────────┘
  Emulator Hub running at localhost:4400
  Other reserved ports: 4500

Issues? Report them at https://github.com/firebase/firebase-tools/issues and attach the *-debug.log files.
 
[debug] [2021-01-14T05:46:04.562Z] [worker-~diagnostic~-f61dcd00-df41-47ec-bb96-44e52e73a632]: IDLE {"metadata":{"emulator":{"name":"functions"},"message":"[worker-~diagnostic~-f61dcd00-df41-47ec-bb96-44e52e73a632]: IDLE"}}
[debug] [2021-01-14T05:46:59.218Z] [work-queue] {"queueLength":1,"workRunningCount":0}
[debug] [2021-01-14T05:46:59.220Z] [work-queue] {"queueLength":0,"workRunningCount":1}
[debug] [2021-01-14T05:46:59.221Z] Accepted request GET /challenge-57e90/us-central1/api --> api
[debug] [2021-01-14T05:46:59.234Z] [worker-pool] addWorker(api) {"metadata":{"emulator":{"name":"functions"},"message":"[worker-pool] addWorker(api)"}}
[debug] [2021-01-14T05:46:59.235Z] [worker-pool] Adding worker with key api, total=1 {"metadata":{"emulator":{"name":"functions"},"message":"[worker-pool] Adding worker with key api, total=1"}}
[debug] [2021-01-14T05:46:59.236Z] [worker-pool] submitWork(triggerId=api) {"metadata":{"emulator":{"name":"functions"},"message":"[worker-pool] submitWork(triggerId=api)"}}
[debug] [2021-01-14T05:46:59.237Z] [worker-api-c512d5a7-0126-492d-a15e-85e8814bcea5]: Assigning socketPath: \\?\pipe\D:\AmazonClone\amazon-clone\functions\7852 {"metadata":{"emulator":{"name":"functions"},"message":"[worker-api-c512d5a7-0126-492d-a15e-85e8814bcea5]: Assigning socketPath: \\\\?\\pipe\\D:\\AmazonClone\\amazon-clone\\functions\\7852"}}
[debug] [2021-01-14T05:46:59.237Z] [worker-api-c512d5a7-0126-492d-a15e-85e8814bcea5]: BUSY {"metadata":{"emulator":{"name":"functions"},"message":"[worker-api-c512d5a7-0126-492d-a15e-85e8814bcea5]: BUSY"}}
[debug] [2021-01-14T05:47:00.185Z] [runtime-status] [7852] Functions runtime initialized. {"cwd":"D:\\AmazonClone\\amazon-clone\\functions","node_version":"12.18.3"} {"metadata":{"emulator":{"name":"functions"},"function":{"name":"api"},"message":"[runtime-status] [7852] Functions runtime initialized. {\"cwd\":\"D:\\\\AmazonClone\\\\amazon-clone\\\\functions\",\"node_version\":\"12.18.3\"}"}}
[debug] [2021-01-14T05:47:00.191Z] [runtime-status] [7852] Disabled runtime features: undefined {"metadata":{"emulator":{"name":"functions"},"function":{"name":"api"},"message":"[runtime-status] [7852] Disabled runtime features: undefined"}}
[debug] [2021-01-14T05:47:00.202Z] [runtime-status] [7852] Resolved module firebase-admin {"declared":true,"installed":true,"version":"9.4.2","resolution":"D:\\AmazonClone\\amazon-clone\\functions\\node_modules\\firebase-admin\\lib\\index.js"} {"metadata":{"emulator":{"name":"functions"},"function":{"name":"api"},"message":"[runtime-status] [7852] Resolved module firebase-admin {\"declared\":true,\"installed\":true,\"version\":\"9.4.2\",\"resolution\":\"D:\\\\AmazonClone\\\\amazon-clone\\\\functions\\\\node_modules\\\\firebase-admin\\\\lib\\\\index.js\"}"}}
[debug] [2021-01-14T05:47:00.207Z] [runtime-status] [7852] Resolved module firebase-functions {"declared":true,"installed":true,"version":"3.13.0","resolution":"D:\\AmazonClone\\amazon-clone\\functions\\node_modules\\firebase-functions\\lib\\index.js"} {"metadata":{"emulator":{"name":"functions"},"function":{"name":"api"},"message":"[runtime-status] [7852] Resolved module firebase-functions {\"declared\":true,\"installed\":true,\"version\":\"3.13.0\",\"resolution\":\"D:\\\\AmazonClone\\\\amazon-clone\\\\functions\\\\node_modules\\\\firebase-functions\\\\lib\\\\index.js\"}"}}
[debug] [2021-01-14T05:47:00.211Z] [runtime-status] [7852] Resolved module firebase-functions {"declared":true,"installed":true,"version":"3.13.0","resolution":"D:\\AmazonClone\\amazon-clone\\functions\\node_modules\\firebase-functions\\lib\\index.js"} {"metadata":{"emulator":{"name":"functions"},"function":{"name":"api"},"message":"[runtime-status] [7852] Resolved module firebase-functions {\"declared\":true,\"installed\":true,\"version\":\"3.13.0\",\"resolution\":\"D:\\\\AmazonClone\\\\amazon-clone\\\\functions\\\\node_modules\\\\firebase-functions\\\\lib\\\\index.js\"}"}}
[debug] [2021-01-14T05:47:00.217Z] [runtime-status] [7852] Outgoing network have been stubbed. [{"name":"http","status":"mocked"},{"name":"http","status":"mocked"},{"name":"https","status":"mocked"},{"name":"https","status":"mocked"},{"name":"net","status":"mocked"}] {"metadata":{"emulator":{"name":"functions"},"function":{"name":"api"},"message":"[runtime-status] [7852] Outgoing network have been stubbed. [{\"name\":\"http\",\"status\":\"mocked\"},{\"name\":\"http\",\"status\":\"mocked\"},{\"name\":\"https\",\"status\":\"mocked\"},{\"name\":\"https\",\"status\":\"mocked\"},{\"name\":\"net\",\"status\":\"mocked\"}]"}}
[debug] [2021-01-14T05:47:00.220Z] [runtime-status] [7852] Resolved module firebase-functions {"declared":true,"installed":true,"version":"3.13.0","resolution":"D:\\AmazonClone\\amazon-clone\\functions\\node_modules\\firebase-functions\\lib\\index.js"} {"metadata":{"emulator":{"name":"functions"},"function":{"name":"api"},"message":"[runtime-status] [7852] Resolved module firebase-functions {\"declared\":true,\"installed\":true,\"version\":\"3.13.0\",\"resolution\":\"D:\\\\AmazonClone\\\\amazon-clone\\\\functions\\\\node_modules\\\\firebase-functions\\\\lib\\\\index.js\"}"}}
[debug] [2021-01-14T05:47:00.399Z] [runtime-status] [7852] Checked functions.config() {"config":{}} {"metadata":{"emulator":{"name":"functions"},"function":{"name":"api"},"message":"[runtime-status] [7852] Checked functions.config() {\"config\":{}}"}}
[debug] [2021-01-14T05:47:00.401Z] [runtime-status] [7852] firebase-functions has been stubbed. {"functionsResolution":{"declared":true,"installed":true,"version":"3.13.0","resolution":"D:\\AmazonClone\\amazon-clone\\functions\\node_modules\\firebase-functions\\lib\\index.js"}} {"metadata":{"emulator":{"name":"functions"},"function":{"name":"api"},"message":"[runtime-status] [7852] firebase-functions has been stubbed. {\"functionsResolution\":{\"declared\":true,\"installed\":true,\"version\":\"3.13.0\",\"resolution\":\"D:\\\\AmazonClone\\\\amazon-clone\\\\functions\\\\node_modules\\\\firebase-functions\\\\lib\\\\index.js\"}}"}}
[debug] [2021-01-14T05:47:00.405Z] [runtime-status] [7852] Resolved module firebase-functions {"declared":true,"installed":true,"version":"3.13.0","resolution":"D:\\AmazonClone\\amazon-clone\\functions\\node_modules\\firebase-functions\\lib\\index.js"} {"metadata":{"emulator":{"name":"functions"},"function":{"name":"api"},"message":"[runtime-status] [7852] Resolved module firebase-functions {\"declared\":true,\"installed\":true,\"version\":\"3.13.0\",\"resolution\":\"D:\\\\AmazonClone\\\\amazon-clone\\\\functions\\\\node_modules\\\\firebase-functions\\\\lib\\\\index.js\"}"}}
[debug] [2021-01-14T05:47:00.410Z] [runtime-status] [7852] Resolved module firebase-admin {"declared":true,"installed":true,"version":"9.4.2","resolution":"D:\\AmazonClone\\amazon-clone\\functions\\node_modules\\firebase-admin\\lib\\index.js"} {"metadata":{"emulator":{"name":"functions"},"function":{"name":"api"},"message":"[runtime-status] [7852] Resolved module firebase-admin {\"declared\":true,\"installed\":true,\"version\":\"9.4.2\",\"resolution\":\"D:\\\\AmazonClone\\\\amazon-clone\\\\functions\\\\node_modules\\\\firebase-admin\\\\lib\\\\index.js\"}"}}
[debug] [2021-01-14T05:47:00.411Z] [runtime-status] [7852] Resolved module firebase-functions {"declared":true,"installed":true,"version":"3.13.0","resolution":"D:\\AmazonClone\\amazon-clone\\functions\\node_modules\\firebase-functions\\lib\\index.js"} {"metadata":{"emulator":{"name":"functions"},"function":{"name":"api"},"message":"[runtime-status] [7852] Resolved module firebase-functions {\"declared\":true,\"installed\":true,\"version\":\"3.13.0\",\"resolution\":\"D:\\\\AmazonClone\\\\amazon-clone\\\\functions\\\\node_modules\\\\firebase-functions\\\\lib\\\\index.js\"}"}}
[debug] [2021-01-14T05:47:00.413Z] [runtime-status] [7852] firebase-admin has been stubbed. {"adminResolution":{"declared":true,"installed":true,"version":"9.4.2","resolution":"D:\\AmazonClone\\amazon-clone\\functions\\node_modules\\firebase-admin\\lib\\index.js"}} {"metadata":{"emulator":{"name":"functions"},"function":{"name":"api"},"message":"[runtime-status] [7852] firebase-admin has been stubbed. {\"adminResolution\":{\"declared\":true,\"installed\":true,\"version\":\"9.4.2\",\"resolution\":\"D:\\\\AmazonClone\\\\amazon-clone\\\\functions\\\\node_modules\\\\firebase-admin\\\\lib\\\\index.js\"}}"}}
[debug] [2021-01-14T05:47:01.027Z] [runtime-status] [7852] Trigger "api" has been found, beginning invocation! {"metadata":{"emulator":{"name":"functions"},"function":{"name":"api"},"message":"[runtime-status] [7852] Trigger \"api\" has been found, beginning invocation!"}}
[info] i  functions: Beginning execution of "api" {"metadata":{"emulator":{"name":"functions"},"function":{"name":"api"},"message":"Beginning execution of \"api\""}}
[debug] [2021-01-14T05:47:01.034Z] [runtime-status] [7852] triggerDefinition {"httpsTrigger":{},"name":"api","entryPoint":"api"} {"metadata":{"emulator":{"name":"functions"},"function":{"name":"api"},"message":"[runtime-status] [7852] triggerDefinition {\"httpsTrigger\":{},\"name\":\"api\",\"entryPoint\":\"api\"}"}}
[debug] [2021-01-14T05:47:01.035Z] [runtime-status] [7852] Running api in mode HTTPS {"metadata":{"emulator":{"name":"functions"},"function":{"name":"api"},"message":"[runtime-status] [7852] Running api in mode HTTPS"}}
[debug] [2021-01-14T05:47:01.044Z] [runtime-status] [7852] Attempting to listen to socketPath: \\?\pipe\D:\AmazonClone\amazon-clone\functions\7852 {"metadata":{"emulator":{"name":"functions"},"function":{"name":"api"},"message":"[runtime-status] [7852] Attempting to listen to socketPath: \\\\?\\pipe\\D:\\AmazonClone\\amazon-clone\\functions\\7852"}}
[debug] [2021-01-14T05:47:01.056Z] [functions] Runtime ready! Sending request! {"metadata":{"emulator":{"name":"functions"},"message":"[functions] Runtime ready! Sending request!"}}
[debug] [2021-01-14T05:47:01.097Z] [runtime-status] [7852] Ephemeral server handling GET request {"metadata":{"emulator":{"name":"functions"},"function":{"name":"api"},"message":"[runtime-status] [7852] Ephemeral server handling GET request"}}
[debug] [2021-01-14T05:47:01.135Z] [runtime-status] [7852] Ephemeral server survived. {"metadata":{"emulator":{"name":"functions"},"function":{"name":"api"},"message":"[runtime-status] [7852] Ephemeral server survived."}}
[info] i  functions: Finished "api" in ~1s {"metadata":{"emulator":{"name":"functions"},"function":{"name":"api"},"message":"Finished \"api\" in ~1s"}}
[debug] [2021-01-14T05:47:01.166Z] [worker-api-c512d5a7-0126-492d-a15e-85e8814bcea5]: IDLE {"metadata":{"emulator":{"name":"functions"},"message":"[worker-api-c512d5a7-0126-492d-a15e-85e8814bcea5]: IDLE"}}
[debug] [2021-01-14T05:47:01.168Z] [work-queue] {"queueLength":0,"workRunningCount":0}
[debug] [2021-01-14T05:47:01.364Z] Functions emulator received unknown request at path /favicon.ico
[debug] [2021-01-14T05:48:30.437Z] [work-queue] {"queueLength":1,"workRunningCount":0}
[debug] [2021-01-14T05:48:30.438Z] [work-queue] {"queueLength":0,"workRunningCount":1}
[debug] [2021-01-14T05:48:30.438Z] Accepted request POST /challenge-57e90/us-central1/api/payments/create?total=100000 --> api
[debug] [2021-01-14T05:48:30.439Z] [worker-pool] submitWork(triggerId=api) {"metadata":{"emulator":{"name":"functions"},"message":"[worker-pool] submitWork(triggerId=api)"}}
[debug] [2021-01-14T05:48:30.439Z] [worker-api-c512d5a7-0126-492d-a15e-85e8814bcea5]: Assigning socketPath: \\?\pipe\D:\AmazonClone\amazon-clone\functions\7852 {"metadata":{"emulator":{"name":"functions"},"message":"[worker-api-c512d5a7-0126-492d-a15e-85e8814bcea5]: Assigning socketPath: \\\\?\\pipe\\D:\\AmazonClone\\amazon-clone\\functions\\7852"}}
[debug] [2021-01-14T05:48:30.439Z] [worker-api-c512d5a7-0126-492d-a15e-85e8814bcea5]: BUSY {"metadata":{"emulator":{"name":"functions"},"message":"[worker-api-c512d5a7-0126-492d-a15e-85e8814bcea5]: BUSY"}}
[debug] [2021-01-14T05:48:30.446Z] [runtime-status] [7852] Trigger "api" has been found, beginning invocation! {"metadata":{"emulator":{"name":"functions"},"function":{"name":"api"},"message":"[runtime-status] [7852] Trigger \"api\" has been found, beginning invocation!"}}
[info] i  functions: Beginning execution of "api" {"metadata":{"emulator":{"name":"functions"},"function":{"name":"api"},"message":"Beginning execution of \"api\""}}
[debug] [2021-01-14T05:48:30.450Z] [runtime-status] [7852] triggerDefinition {"httpsTrigger":{},"name":"api","entryPoint":"api"} {"metadata":{"emulator":{"name":"functions"},"function":{"name":"api"},"message":"[runtime-status] [7852] triggerDefinition {\"httpsTrigger\":{},\"name\":\"api\",\"entryPoint\":\"api\"}"}}
[debug] [2021-01-14T05:48:30.451Z] [runtime-status] [7852] Running api in mode HTTPS {"metadata":{"emulator":{"name":"functions"},"function":{"name":"api"},"message":"[runtime-status] [7852] Running api in mode HTTPS"}}
[debug] [2021-01-14T05:48:30.451Z] [runtime-status] [7852] Attempting to listen to socketPath: \\?\pipe\D:\AmazonClone\amazon-clone\functions\7852 {"metadata":{"emulator":{"name":"functions"},"function":{"name":"api"},"message":"[runtime-status] [7852] Attempting to listen to socketPath: \\\\?\\pipe\\D:\\AmazonClone\\amazon-clone\\functions\\7852"}}
[debug] [2021-01-14T05:48:30.454Z] [functions] Runtime ready! Sending request! {"metadata":{"emulator":{"name":"functions"},"message":"[functions] Runtime ready! Sending request!"}}
[debug] [2021-01-14T05:48:30.468Z] [runtime-status] [7852] Ephemeral server handling POST request {"metadata":{"emulator":{"name":"functions"},"function":{"name":"api"},"message":"[runtime-status] [7852] Ephemeral server handling POST request"}}
[info] >  total amt from backend 100000 {"user":"total amt from backend 100000","metadata":{"emulator":{"name":"functions"},"function":{"name":"api"},"message":"\u001b[90m> \u001b[39m total amt from backend 100000"}}
[debug] [2021-01-14T05:48:30.534Z] [runtime-status] [7852] Ephemeral server survived. {"metadata":{"emulator":{"name":"functions"},"function":{"name":"api"},"message":"[runtime-status] [7852] Ephemeral server survived."}}
[info] i  functions: Finished "api" in ~1s {"metadata":{"emulator":{"name":"functions"},"function":{"name":"api"},"message":"Finished \"api\" in ~1s"}}
[debug] [2021-01-14T05:48:32.261Z] [worker-api-c512d5a7-0126-492d-a15e-85e8814bcea5]: IDLE {"metadata":{"emulator":{"name":"functions"},"message":"[worker-api-c512d5a7-0126-492d-a15e-85e8814bcea5]: IDLE"}}
[debug] [2021-01-14T05:48:32.261Z] [work-queue] {"queueLength":0,"workRunningCount":0}
[debug] [2021-01-14T05:51:06.478Z] File D:\AmazonClone\amazon-clone\functions\config\stripeSecretKey.js changed, reloading triggers {"metadata":{"emulator":{"name":"functions"},"message":"File D:\\AmazonClone\\amazon-clone\\functions\\config\\stripeSecretKey.js changed, reloading triggers"}}
[debug] [2021-01-14T05:51:07.480Z] [worker-pool] Shutting down IDLE worker (~diagnostic~) {"metadata":{"emulator":{"name":"functions"},"message":"[worker-pool] Shutting down IDLE worker (~diagnostic~)"}}
[debug] [2021-01-14T05:51:07.481Z] [worker-~diagnostic~-f61dcd00-df41-47ec-bb96-44e52e73a632]: FINISHING {"metadata":{"emulator":{"name":"functions"},"message":"[worker-~diagnostic~-f61dcd00-df41-47ec-bb96-44e52e73a632]: FINISHING"}}
[debug] [2021-01-14T05:51:07.482Z] [worker-pool] Shutting down IDLE worker (api) {"metadata":{"emulator":{"name":"functions"},"message":"[worker-pool] Shutting down IDLE worker (api)"}}
[debug] [2021-01-14T05:51:07.483Z] [worker-api-c512d5a7-0126-492d-a15e-85e8814bcea5]: FINISHING {"metadata":{"emulator":{"name":"functions"},"message":"[worker-api-c512d5a7-0126-492d-a15e-85e8814bcea5]: FINISHING"}}
[debug] [2021-01-14T05:51:07.539Z] [worker-pool] addWorker(~diagnostic~) {"metadata":{"emulator":{"name":"functions"},"message":"[worker-pool] addWorker(~diagnostic~)"}}
[debug] [2021-01-14T05:51:07.539Z] [worker-pool] Adding worker with key ~diagnostic~, total=2 {"metadata":{"emulator":{"name":"functions"},"message":"[worker-pool] Adding worker with key ~diagnostic~, total=2"}}
[debug] [2021-01-14T05:51:07.540Z] [worker-pool] submitWork(triggerId=) {"metadata":{"emulator":{"name":"functions"},"message":"[worker-pool] submitWork(triggerId=)"}}
[debug] [2021-01-14T05:51:07.541Z] [worker-~diagnostic~-13702118-df67-4650-a4d2-3b1871e67632]: Assigning socketPath: \\?\pipe\D:\AmazonClone\amazon-clone\functions\7956 {"metadata":{"emulator":{"name":"functions"},"message":"[worker-~diagnostic~-13702118-df67-4650-a4d2-3b1871e67632]: Assigning socketPath: \\\\?\\pipe\\D:\\AmazonClone\\amazon-clone\\functions\\7956"}}
[debug] [2021-01-14T05:51:07.541Z] [worker-~diagnostic~-13702118-df67-4650-a4d2-3b1871e67632]: BUSY {"metadata":{"emulator":{"name":"functions"},"message":"[worker-~diagnostic~-13702118-df67-4650-a4d2-3b1871e67632]: BUSY"}}
[debug] [2021-01-14T05:51:07.547Z] [worker-~diagnostic~-f61dcd00-df41-47ec-bb96-44e52e73a632]: exited {"metadata":{"emulator":{"name":"functions"},"message":"[worker-~diagnostic~-f61dcd00-df41-47ec-bb96-44e52e73a632]: exited"}}
[debug] [2021-01-14T05:51:07.548Z] [worker-~diagnostic~-f61dcd00-df41-47ec-bb96-44e52e73a632]: FINISHED {"metadata":{"emulator":{"name":"functions"},"message":"[worker-~diagnostic~-f61dcd00-df41-47ec-bb96-44e52e73a632]: FINISHED"}}
[debug] [2021-01-14T05:51:07.555Z] [worker-api-c512d5a7-0126-492d-a15e-85e8814bcea5]: exited {"metadata":{"emulator":{"name":"functions"},"message":"[worker-api-c512d5a7-0126-492d-a15e-85e8814bcea5]: exited"}}
[debug] [2021-01-14T05:51:07.555Z] [worker-api-c512d5a7-0126-492d-a15e-85e8814bcea5]: FINISHED {"metadata":{"emulator":{"name":"functions"},"message":"[worker-api-c512d5a7-0126-492d-a15e-85e8814bcea5]: FINISHED"}}
[debug] [2021-01-14T05:51:08.610Z] [runtime-status] [7956] Functions runtime initialized. {"cwd":"D:\\AmazonClone\\amazon-clone\\functions","node_version":"12.18.3"} {"metadata":{"emulator":{"name":"functions"},"message":"[runtime-status] [7956] Functions runtime initialized. {\"cwd\":\"D:\\\\AmazonClone\\\\amazon-clone\\\\functions\",\"node_version\":\"12.18.3\"}"}}
[debug] [2021-01-14T05:51:08.617Z] [runtime-status] [7956] Disabled runtime features: undefined {"metadata":{"emulator":{"name":"functions"},"message":"[runtime-status] [7956] Disabled runtime features: undefined"}}
[debug] [2021-01-14T05:51:08.629Z] [runtime-status] [7956] Resolved module firebase-admin {"declared":true,"installed":true,"version":"9.4.2","resolution":"D:\\AmazonClone\\amazon-clone\\functions\\node_modules\\firebase-admin\\lib\\index.js"} {"metadata":{"emulator":{"name":"functions"},"message":"[runtime-status] [7956] Resolved module firebase-admin {\"declared\":true,\"installed\":true,\"version\":\"9.4.2\",\"resolution\":\"D:\\\\AmazonClone\\\\amazon-clone\\\\functions\\\\node_modules\\\\firebase-admin\\\\lib\\\\index.js\"}"}}
[debug] [2021-01-14T05:51:08.634Z] [runtime-status] [7956] Resolved module firebase-functions {"declared":true,"installed":true,"version":"3.13.0","resolution":"D:\\AmazonClone\\amazon-clone\\functions\\node_modules\\firebase-functions\\lib\\index.js"} {"metadata":{"emulator":{"name":"functions"},"message":"[runtime-status] [7956] Resolved module firebase-functions {\"declared\":true,\"installed\":true,\"version\":\"3.13.0\",\"resolution\":\"D:\\\\AmazonClone\\\\amazon-clone\\\\functions\\\\node_modules\\\\firebase-functions\\\\lib\\\\index.js\"}"}}
[debug] [2021-01-14T05:51:08.640Z] [runtime-status] [7956] Resolved module firebase-functions {"declared":true,"installed":true,"version":"3.13.0","resolution":"D:\\AmazonClone\\amazon-clone\\functions\\node_modules\\firebase-functions\\lib\\index.js"} {"metadata":{"emulator":{"name":"functions"},"message":"[runtime-status] [7956] Resolved module firebase-functions {\"declared\":true,\"installed\":true,\"version\":\"3.13.0\",\"resolution\":\"D:\\\\AmazonClone\\\\amazon-clone\\\\functions\\\\node_modules\\\\firebase-functions\\\\lib\\\\index.js\"}"}}
[debug] [2021-01-14T05:51:08.655Z] [runtime-status] [7956] Outgoing network have been stubbed. [{"name":"http","status":"mocked"},{"name":"http","status":"mocked"},{"name":"https","status":"mocked"},{"name":"https","status":"mocked"},{"name":"net","status":"mocked"}] {"metadata":{"emulator":{"name":"functions"},"message":"[runtime-status] [7956] Outgoing network have been stubbed. [{\"name\":\"http\",\"status\":\"mocked\"},{\"name\":\"http\",\"status\":\"mocked\"},{\"name\":\"https\",\"status\":\"mocked\"},{\"name\":\"https\",\"status\":\"mocked\"},{\"name\":\"net\",\"status\":\"mocked\"}]"}}
[debug] [2021-01-14T05:51:08.659Z] [runtime-status] [7956] Resolved module firebase-functions {"declared":true,"installed":true,"version":"3.13.0","resolution":"D:\\AmazonClone\\amazon-clone\\functions\\node_modules\\firebase-functions\\lib\\index.js"} {"metadata":{"emulator":{"name":"functions"},"message":"[runtime-status] [7956] Resolved module firebase-functions {\"declared\":true,\"installed\":true,\"version\":\"3.13.0\",\"resolution\":\"D:\\\\AmazonClone\\\\amazon-clone\\\\functions\\\\node_modules\\\\firebase-functions\\\\lib\\\\index.js\"}"}}
[debug] [2021-01-14T05:51:08.807Z] [runtime-status] [7956] Checked functions.config() {"config":{}} {"metadata":{"emulator":{"name":"functions"},"message":"[runtime-status] [7956] Checked functions.config() {\"config\":{}}"}}
[debug] [2021-01-14T05:51:08.808Z] [runtime-status] [7956] firebase-functions has been stubbed. {"functionsResolution":{"declared":true,"installed":true,"version":"3.13.0","resolution":"D:\\AmazonClone\\amazon-clone\\functions\\node_modules\\firebase-functions\\lib\\index.js"}} {"metadata":{"emulator":{"name":"functions"},"message":"[runtime-status] [7956] firebase-functions has been stubbed. {\"functionsResolution\":{\"declared\":true,\"installed\":true,\"version\":\"3.13.0\",\"resolution\":\"D:\\\\AmazonClone\\\\amazon-clone\\\\functions\\\\node_modules\\\\firebase-functions\\\\lib\\\\index.js\"}}"}}
[debug] [2021-01-14T05:51:08.810Z] [runtime-status] [7956] Resolved module firebase-functions {"declared":true,"installed":true,"version":"3.13.0","resolution":"D:\\AmazonClone\\amazon-clone\\functions\\node_modules\\firebase-functions\\lib\\index.js"} {"metadata":{"emulator":{"name":"functions"},"message":"[runtime-status] [7956] Resolved module firebase-functions {\"declared\":true,\"installed\":true,\"version\":\"3.13.0\",\"resolution\":\"D:\\\\AmazonClone\\\\amazon-clone\\\\functions\\\\node_modules\\\\firebase-functions\\\\lib\\\\index.js\"}"}}
[debug] [2021-01-14T05:51:08.813Z] [runtime-status] [7956] Resolved module firebase-admin {"declared":true,"installed":true,"version":"9.4.2","resolution":"D:\\AmazonClone\\amazon-clone\\functions\\node_modules\\firebase-admin\\lib\\index.js"} {"metadata":{"emulator":{"name":"functions"},"message":"[runtime-status] [7956] Resolved module firebase-admin {\"declared\":true,\"installed\":true,\"version\":\"9.4.2\",\"resolution\":\"D:\\\\AmazonClone\\\\amazon-clone\\\\functions\\\\node_modules\\\\firebase-admin\\\\lib\\\\index.js\"}"}}
[debug] [2021-01-14T05:51:08.814Z] [runtime-status] [7956] Resolved module firebase-functions {"declared":true,"installed":true,"version":"3.13.0","resolution":"D:\\AmazonClone\\amazon-clone\\functions\\node_modules\\firebase-functions\\lib\\index.js"} {"metadata":{"emulator":{"name":"functions"},"message":"[runtime-status] [7956] Resolved module firebase-functions {\"declared\":true,\"installed\":true,\"version\":\"3.13.0\",\"resolution\":\"D:\\\\AmazonClone\\\\amazon-clone\\\\functions\\\\node_modules\\\\firebase-functions\\\\lib\\\\index.js\"}"}}
[debug] [2021-01-14T05:51:08.815Z] [runtime-status] [7956] firebase-admin has been stubbed. {"adminResolution":{"declared":true,"installed":true,"version":"9.4.2","resolution":"D:\\AmazonClone\\amazon-clone\\functions\\node_modules\\firebase-admin\\lib\\index.js"}} {"metadata":{"emulator":{"name":"functions"},"message":"[runtime-status] [7956] firebase-admin has been stubbed. {\"adminResolution\":{\"declared\":true,\"installed\":true,\"version\":\"9.4.2\",\"resolution\":\"D:\\\\AmazonClone\\\\amazon-clone\\\\functions\\\\node_modules\\\\firebase-admin\\\\lib\\\\index.js\"}}"}}
[debug] [2021-01-14T05:51:09.603Z] [worker-~diagnostic~-13702118-df67-4650-a4d2-3b1871e67632]: IDLE {"metadata":{"emulator":{"name":"functions"},"message":"[worker-~diagnostic~-13702118-df67-4650-a4d2-3b1871e67632]: IDLE"}}
[debug] [2021-01-14T05:55:04.406Z] File D:\AmazonClone\amazon-clone\functions\config\stripeSecretKey.js changed, reloading triggers {"metadata":{"emulator":{"name":"functions"},"message":"File D:\\AmazonClone\\amazon-clone\\functions\\config\\stripeSecretKey.js changed, reloading triggers"}}
[debug] [2021-01-14T05:55:05.408Z] [worker-pool] Shutting down IDLE worker (~diagnostic~) {"metadata":{"emulator":{"name":"functions"},"message":"[worker-pool] Shutting down IDLE worker (~diagnostic~)"}}
[debug] [2021-01-14T05:55:05.409Z] [worker-~diagnostic~-13702118-df67-4650-a4d2-3b1871e67632]: FINISHING {"metadata":{"emulator":{"name":"functions"},"message":"[worker-~diagnostic~-13702118-df67-4650-a4d2-3b1871e67632]: FINISHING"}}
[debug] [2021-01-14T05:55:05.412Z] [worker-pool] Cleaned up workers for ~diagnostic~: 2 --> 1 {"metadata":{"emulator":{"name":"functions"},"message":"[worker-pool] Cleaned up workers for ~diagnostic~: 2 --> 1"}}
[debug] [2021-01-14T05:55:05.413Z] [worker-pool] Cleaned up workers for api: 1 --> 0 {"metadata":{"emulator":{"name":"functions"},"message":"[worker-pool] Cleaned up workers for api: 1 --> 0"}}
[debug] [2021-01-14T05:55:05.424Z] [worker-pool] addWorker(~diagnostic~) {"metadata":{"emulator":{"name":"functions"},"message":"[worker-pool] addWorker(~diagnostic~)"}}
[debug] [2021-01-14T05:55:05.424Z] [worker-pool] Adding worker with key ~diagnostic~, total=2 {"metadata":{"emulator":{"name":"functions"},"message":"[worker-pool] Adding worker with key ~diagnostic~, total=2"}}
[debug] [2021-01-14T05:55:05.425Z] [worker-pool] submitWork(triggerId=) {"metadata":{"emulator":{"name":"functions"},"message":"[worker-pool] submitWork(triggerId=)"}}
[debug] [2021-01-14T05:55:05.425Z] [worker-~diagnostic~-7a2b562e-d06a-4a43-a671-4092c0d3e8ab]: Assigning socketPath: \\?\pipe\D:\AmazonClone\amazon-clone\functions\5232 {"metadata":{"emulator":{"name":"functions"},"message":"[worker-~diagnostic~-7a2b562e-d06a-4a43-a671-4092c0d3e8ab]: Assigning socketPath: \\\\?\\pipe\\D:\\AmazonClone\\amazon-clone\\functions\\5232"}}
[debug] [2021-01-14T05:55:05.426Z] [worker-~diagnostic~-7a2b562e-d06a-4a43-a671-4092c0d3e8ab]: BUSY {"metadata":{"emulator":{"name":"functions"},"message":"[worker-~diagnostic~-7a2b562e-d06a-4a43-a671-4092c0d3e8ab]: BUSY"}}
[debug] [2021-01-14T05:55:05.440Z] [worker-~diagnostic~-13702118-df67-4650-a4d2-3b1871e67632]: exited {"metadata":{"emulator":{"name":"functions"},"message":"[worker-~diagnostic~-13702118-df67-4650-a4d2-3b1871e67632]: exited"}}
[debug] [2021-01-14T05:55:05.441Z] [worker-~diagnostic~-13702118-df67-4650-a4d2-3b1871e67632]: FINISHED {"metadata":{"emulator":{"name":"functions"},"message":"[worker-~diagnostic~-13702118-df67-4650-a4d2-3b1871e67632]: FINISHED"}}
[debug] [2021-01-14T05:55:06.517Z] [runtime-status] [5232] Functions runtime initialized. {"cwd":"D:\\AmazonClone\\amazon-clone\\functions","node_version":"12.18.3"} {"metadata":{"emulator":{"name":"functions"},"message":"[runtime-status] [5232] Functions runtime initialized. {\"cwd\":\"D:\\\\AmazonClone\\\\amazon-clone\\\\functions\",\"node_version\":\"12.18.3\"}"}}
[debug] [2021-01-14T05:55:06.524Z] [runtime-status] [5232] Disabled runtime features: undefined {"metadata":{"emulator":{"name":"functions"},"message":"[runtime-status] [5232] Disabled runtime features: undefined"}}
[debug] [2021-01-14T05:55:06.545Z] [runtime-status] [5232] Resolved module firebase-admin {"declared":true,"installed":true,"version":"9.4.2","resolution":"D:\\AmazonClone\\amazon-clone\\functions\\node_modules\\firebase-admin\\lib\\index.js"} {"metadata":{"emulator":{"name":"functions"},"message":"[runtime-status] [5232] Resolved module firebase-admin {\"declared\":true,\"installed\":true,\"version\":\"9.4.2\",\"resolution\":\"D:\\\\AmazonClone\\\\amazon-clone\\\\functions\\\\node_modules\\\\firebase-admin\\\\lib\\\\index.js\"}"}}
[debug] [2021-01-14T05:55:06.552Z] [runtime-status] [5232] Resolved module firebase-functions {"declared":true,"installed":true,"version":"3.13.0","resolution":"D:\\AmazonClone\\amazon-clone\\functions\\node_modules\\firebase-functions\\lib\\index.js"} {"metadata":{"emulator":{"name":"functions"},"message":"[runtime-status] [5232] Resolved module firebase-functions {\"declared\":true,\"installed\":true,\"version\":\"3.13.0\",\"resolution\":\"D:\\\\AmazonClone\\\\amazon-clone\\\\functions\\\\node_modules\\\\firebase-functions\\\\lib\\\\index.js\"}"}}
[debug] [2021-01-14T05:55:06.555Z] [runtime-status] [5232] Resolved module firebase-functions {"declared":true,"installed":true,"version":"3.13.0","resolution":"D:\\AmazonClone\\amazon-clone\\functions\\node_modules\\firebase-functions\\lib\\index.js"} {"metadata":{"emulator":{"name":"functions"},"message":"[runtime-status] [5232] Resolved module firebase-functions {\"declared\":true,\"installed\":true,\"version\":\"3.13.0\",\"resolution\":\"D:\\\\AmazonClone\\\\amazon-clone\\\\functions\\\\node_modules\\\\firebase-functions\\\\lib\\\\index.js\"}"}}
[debug] [2021-01-14T05:55:06.568Z] [runtime-status] [5232] Outgoing network have been stubbed. [{"name":"http","status":"mocked"},{"name":"http","status":"mocked"},{"name":"https","status":"mocked"},{"name":"https","status":"mocked"},{"name":"net","status":"mocked"}] {"metadata":{"emulator":{"name":"functions"},"message":"[runtime-status] [5232] Outgoing network have been stubbed. [{\"name\":\"http\",\"status\":\"mocked\"},{\"name\":\"http\",\"status\":\"mocked\"},{\"name\":\"https\",\"status\":\"mocked\"},{\"name\":\"https\",\"status\":\"mocked\"},{\"name\":\"net\",\"status\":\"mocked\"}]"}}
[debug] [2021-01-14T05:55:06.571Z] [runtime-status] [5232] Resolved module firebase-functions {"declared":true,"installed":true,"version":"3.13.0","resolution":"D:\\AmazonClone\\amazon-clone\\functions\\node_modules\\firebase-functions\\lib\\index.js"} {"metadata":{"emulator":{"name":"functions"},"message":"[runtime-status] [5232] Resolved module firebase-functions {\"declared\":true,\"installed\":true,\"version\":\"3.13.0\",\"resolution\":\"D:\\\\AmazonClone\\\\amazon-clone\\\\functions\\\\node_modules\\\\firebase-functions\\\\lib\\\\index.js\"}"}}
[debug] [2021-01-14T05:55:06.756Z] [runtime-status] [5232] Checked functions.config() {"config":{}} {"metadata":{"emulator":{"name":"functions"},"message":"[runtime-status] [5232] Checked functions.config() {\"config\":{}}"}}
[debug] [2021-01-14T05:55:06.756Z] [runtime-status] [5232] firebase-functions has been stubbed. {"functionsResolution":{"declared":true,"installed":true,"version":"3.13.0","resolution":"D:\\AmazonClone\\amazon-clone\\functions\\node_modules\\firebase-functions\\lib\\index.js"}} {"metadata":{"emulator":{"name":"functions"},"message":"[runtime-status] [5232] firebase-functions has been stubbed. {\"functionsResolution\":{\"declared\":true,\"installed\":true,\"version\":\"3.13.0\",\"resolution\":\"D:\\\\AmazonClone\\\\amazon-clone\\\\functions\\\\node_modules\\\\firebase-functions\\\\lib\\\\index.js\"}}"}}
[debug] [2021-01-14T05:55:06.760Z] [runtime-status] [5232] Resolved module firebase-functions {"declared":true,"installed":true,"version":"3.13.0","resolution":"D:\\AmazonClone\\amazon-clone\\functions\\node_modules\\firebase-functions\\lib\\index.js"} {"metadata":{"emulator":{"name":"functions"},"message":"[runtime-status] [5232] Resolved module firebase-functions {\"declared\":true,\"installed\":true,\"version\":\"3.13.0\",\"resolution\":\"D:\\\\AmazonClone\\\\amazon-clone\\\\functions\\\\node_modules\\\\firebase-functions\\\\lib\\\\index.js\"}"}}
[debug] [2021-01-14T05:55:06.763Z] [runtime-status] [5232] Resolved module firebase-admin {"declared":true,"installed":true,"version":"9.4.2","resolution":"D:\\AmazonClone\\amazon-clone\\functions\\node_modules\\firebase-admin\\lib\\index.js"} {"metadata":{"emulator":{"name":"functions"},"message":"[runtime-status] [5232] Resolved module firebase-admin {\"declared\":true,\"installed\":true,\"version\":\"9.4.2\",\"resolution\":\"D:\\\\AmazonClone\\\\amazon-clone\\\\functions\\\\node_modules\\\\firebase-admin\\\\lib\\\\index.js\"}"}}
[debug] [2021-01-14T05:55:06.766Z] [runtime-status] [5232] Resolved module firebase-functions {"declared":true,"installed":true,"version":"3.13.0","resolution":"D:\\AmazonClone\\amazon-clone\\functions\\node_modules\\firebase-functions\\lib\\index.js"} {"metadata":{"emulator":{"name":"functions"},"message":"[runtime-status] [5232] Resolved module firebase-functions {\"declared\":true,\"installed\":true,\"version\":\"3.13.0\",\"resolution\":\"D:\\\\AmazonClone\\\\amazon-clone\\\\functions\\\\node_modules\\\\firebase-functions\\\\lib\\\\index.js\"}"}}
[debug] [2021-01-14T05:55:06.767Z] [runtime-status] [5232] firebase-admin has been stubbed. {"adminResolution":{"declared":true,"installed":true,"version":"9.4.2","resolution":"D:\\AmazonClone\\amazon-clone\\functions\\node_modules\\firebase-admin\\lib\\index.js"}} {"metadata":{"emulator":{"name":"functions"},"message":"[runtime-status] [5232] firebase-admin has been stubbed. {\"adminResolution\":{\"declared\":true,\"installed\":true,\"version\":\"9.4.2\",\"resolution\":\"D:\\\\AmazonClone\\\\amazon-clone\\\\functions\\\\node_modules\\\\firebase-admin\\\\lib\\\\index.js\"}}"}}
[debug] [2021-01-14T05:55:07.379Z] [worker-~diagnostic~-7a2b562e-d06a-4a43-a671-4092c0d3e8ab]: IDLE {"metadata":{"emulator":{"name":"functions"},"message":"[worker-~diagnostic~-7a2b562e-d06a-4a43-a671-4092c0d3e8ab]: IDLE"}}
[debug] [2021-01-14T05:55:35.765Z] File D:\AmazonClone\amazon-clone\functions\config\stripeSecretKey.js changed, reloading triggers {"metadata":{"emulator":{"name":"functions"},"message":"File D:\\AmazonClone\\amazon-clone\\functions\\config\\stripeSecretKey.js changed, reloading triggers"}}
[debug] [2021-01-14T05:55:36.800Z] [worker-pool] Shutting down IDLE worker (~diagnostic~) {"metadata":{"emulator":{"name":"functions"},"message":"[worker-pool] Shutting down IDLE worker (~diagnostic~)"}}
[debug] [2021-01-14T05:55:36.801Z] [worker-~diagnostic~-7a2b562e-d06a-4a43-a671-4092c0d3e8ab]: FINISHING {"metadata":{"emulator":{"name":"functions"},"message":"[worker-~diagnostic~-7a2b562e-d06a-4a43-a671-4092c0d3e8ab]: FINISHING"}}
[debug] [2021-01-14T05:55:36.809Z] [worker-pool] Cleaned up workers for ~diagnostic~: 2 --> 1 {"metadata":{"emulator":{"name":"functions"},"message":"[worker-pool] Cleaned up workers for ~diagnostic~: 2 --> 1"}}
[debug] [2021-01-14T05:55:36.818Z] [worker-pool] addWorker(~diagnostic~) {"metadata":{"emulator":{"name":"functions"},"message":"[worker-pool] addWorker(~diagnostic~)"}}
[debug] [2021-01-14T05:55:36.819Z] [worker-pool] Adding worker with key ~diagnostic~, total=2 {"metadata":{"emulator":{"name":"functions"},"message":"[worker-pool] Adding worker with key ~diagnostic~, total=2"}}
[debug] [2021-01-14T05:55:36.819Z] [worker-pool] submitWork(triggerId=) {"metadata":{"emulator":{"name":"functions"},"message":"[worker-pool] submitWork(triggerId=)"}}
[debug] [2021-01-14T05:55:36.820Z] [worker-~diagnostic~-576e0f69-f905-4b1c-812e-1f48f6a577c5]: Assigning socketPath: \\?\pipe\D:\AmazonClone\amazon-clone\functions\4412 {"metadata":{"emulator":{"name":"functions"},"message":"[worker-~diagnostic~-576e0f69-f905-4b1c-812e-1f48f6a577c5]: Assigning socketPath: \\\\?\\pipe\\D:\\AmazonClone\\amazon-clone\\functions\\4412"}}
[debug] [2021-01-14T05:55:36.820Z] [worker-~diagnostic~-576e0f69-f905-4b1c-812e-1f48f6a577c5]: BUSY {"metadata":{"emulator":{"name":"functions"},"message":"[worker-~diagnostic~-576e0f69-f905-4b1c-812e-1f48f6a577c5]: BUSY"}}
[debug] [2021-01-14T05:55:36.826Z] [worker-~diagnostic~-7a2b562e-d06a-4a43-a671-4092c0d3e8ab]: exited {"metadata":{"emulator":{"name":"functions"},"message":"[worker-~diagnostic~-7a2b562e-d06a-4a43-a671-4092c0d3e8ab]: exited"}}
[debug] [2021-01-14T05:55:36.826Z] [worker-~diagnostic~-7a2b562e-d06a-4a43-a671-4092c0d3e8ab]: FINISHED {"metadata":{"emulator":{"name":"functions"},"message":"[worker-~diagnostic~-7a2b562e-d06a-4a43-a671-4092c0d3e8ab]: FINISHED"}}
[debug] [2021-01-14T05:55:37.828Z] [runtime-status] [4412] Functions runtime initialized. {"cwd":"D:\\AmazonClone\\amazon-clone\\functions","node_version":"12.18.3"} {"metadata":{"emulator":{"name":"functions"},"message":"[runtime-status] [4412] Functions runtime initialized. {\"cwd\":\"D:\\\\AmazonClone\\\\amazon-clone\\\\functions\",\"node_version\":\"12.18.3\"}"}}
[debug] [2021-01-14T05:55:37.834Z] [runtime-status] [4412] Disabled runtime features: undefined {"metadata":{"emulator":{"name":"functions"},"message":"[runtime-status] [4412] Disabled runtime features: undefined"}}
[debug] [2021-01-14T05:55:37.845Z] [runtime-status] [4412] Resolved module firebase-admin {"declared":true,"installed":true,"version":"9.4.2","resolution":"D:\\AmazonClone\\amazon-clone\\functions\\node_modules\\firebase-admin\\lib\\index.js"} {"metadata":{"emulator":{"name":"functions"},"message":"[runtime-status] [4412] Resolved module firebase-admin {\"declared\":true,\"installed\":true,\"version\":\"9.4.2\",\"resolution\":\"D:\\\\AmazonClone\\\\amazon-clone\\\\functions\\\\node_modules\\\\firebase-admin\\\\lib\\\\index.js\"}"}}
[debug] [2021-01-14T05:55:37.852Z] [runtime-status] [4412] Resolved module firebase-functions {"declared":true,"installed":true,"version":"3.13.0","resolution":"D:\\AmazonClone\\amazon-clone\\functions\\node_modules\\firebase-functions\\lib\\index.js"} {"metadata":{"emulator":{"name":"functions"},"message":"[runtime-status] [4412] Resolved module firebase-functions {\"declared\":true,\"installed\":true,\"version\":\"3.13.0\",\"resolution\":\"D:\\\\AmazonClone\\\\amazon-clone\\\\functions\\\\node_modules\\\\firebase-functions\\\\lib\\\\index.js\"}"}}
[debug] [2021-01-14T05:55:37.854Z] [runtime-status] [4412] Resolved module firebase-functions {"declared":true,"installed":true,"version":"3.13.0","resolution":"D:\\AmazonClone\\amazon-clone\\functions\\node_modules\\firebase-functions\\lib\\index.js"} {"metadata":{"emulator":{"name":"functions"},"message":"[runtime-status] [4412] Resolved module firebase-functions {\"declared\":true,\"installed\":true,\"version\":\"3.13.0\",\"resolution\":\"D:\\\\AmazonClone\\\\amazon-clone\\\\functions\\\\node_modules\\\\firebase-functions\\\\lib\\\\index.js\"}"}}
[debug] [2021-01-14T05:55:37.860Z] [runtime-status] [4412] Outgoing network have been stubbed. [{"name":"http","status":"mocked"},{"name":"http","status":"mocked"},{"name":"https","status":"mocked"},{"name":"https","status":"mocked"},{"name":"net","status":"mocked"}] {"metadata":{"emulator":{"name":"functions"},"message":"[runtime-status] [4412] Outgoing network have been stubbed. [{\"name\":\"http\",\"status\":\"mocked\"},{\"name\":\"http\",\"status\":\"mocked\"},{\"name\":\"https\",\"status\":\"mocked\"},{\"name\":\"https\",\"status\":\"mocked\"},{\"name\":\"net\",\"status\":\"mocked\"}]"}}
[debug] [2021-01-14T05:55:37.862Z] [runtime-status] [4412] Resolved module firebase-functions {"declared":true,"installed":true,"version":"3.13.0","resolution":"D:\\AmazonClone\\amazon-clone\\functions\\node_modules\\firebase-functions\\lib\\index.js"} {"metadata":{"emulator":{"name":"functions"},"message":"[runtime-status] [4412] Resolved module firebase-functions {\"declared\":true,\"installed\":true,\"version\":\"3.13.0\",\"resolution\":\"D:\\\\AmazonClone\\\\amazon-clone\\\\functions\\\\node_modules\\\\firebase-functions\\\\lib\\\\index.js\"}"}}
[debug] [2021-01-14T05:55:38.038Z] [runtime-status] [4412] Checked functions.config() {"config":{}} {"metadata":{"emulator":{"name":"functions"},"message":"[runtime-status] [4412] Checked functions.config() {\"config\":{}}"}}
[debug] [2021-01-14T05:55:38.039Z] [runtime-status] [4412] firebase-functions has been stubbed. {"functionsResolution":{"declared":true,"installed":true,"version":"3.13.0","resolution":"D:\\AmazonClone\\amazon-clone\\functions\\node_modules\\firebase-functions\\lib\\index.js"}} {"metadata":{"emulator":{"name":"functions"},"message":"[runtime-status] [4412] firebase-functions has been stubbed. {\"functionsResolution\":{\"declared\":true,\"installed\":true,\"version\":\"3.13.0\",\"resolution\":\"D:\\\\AmazonClone\\\\amazon-clone\\\\functions\\\\node_modules\\\\firebase-functions\\\\lib\\\\index.js\"}}"}}
[debug] [2021-01-14T05:55:38.041Z] [runtime-status] [4412] Resolved module firebase-functions {"declared":true,"installed":true,"version":"3.13.0","resolution":"D:\\AmazonClone\\amazon-clone\\functions\\node_modules\\firebase-functions\\lib\\index.js"} {"metadata":{"emulator":{"name":"functions"},"message":"[runtime-status] [4412] Resolved module firebase-functions {\"declared\":true,\"installed\":true,\"version\":\"3.13.0\",\"resolution\":\"D:\\\\AmazonClone\\\\amazon-clone\\\\functions\\\\node_modules\\\\firebase-functions\\\\lib\\\\index.js\"}"}}
[debug] [2021-01-14T05:55:38.045Z] [runtime-status] [4412] Resolved module firebase-admin {"declared":true,"installed":true,"version":"9.4.2","resolution":"D:\\AmazonClone\\amazon-clone\\functions\\node_modules\\firebase-admin\\lib\\index.js"} {"metadata":{"emulator":{"name":"functions"},"message":"[runtime-status] [4412] Resolved module firebase-admin {\"declared\":true,\"installed\":true,\"version\":\"9.4.2\",\"resolution\":\"D:\\\\AmazonClone\\\\amazon-clone\\\\functions\\\\node_modules\\\\firebase-admin\\\\lib\\\\index.js\"}"}}
[debug] [2021-01-14T05:55:38.047Z] [runtime-status] [4412] Resolved module firebase-functions {"declared":true,"installed":true,"version":"3.13.0","resolution":"D:\\AmazonClone\\amazon-clone\\functions\\node_modules\\firebase-functions\\lib\\index.js"} {"metadata":{"emulator":{"name":"functions"},"message":"[runtime-status] [4412] Resolved module firebase-functions {\"declared\":true,\"installed\":true,\"version\":\"3.13.0\",\"resolution\":\"D:\\\\AmazonClone\\\\amazon-clone\\\\functions\\\\node_modules\\\\firebase-functions\\\\lib\\\\index.js\"}"}}
[debug] [2021-01-14T05:55:38.048Z] [runtime-status] [4412] firebase-admin has been stubbed. {"adminResolution":{"declared":true,"installed":true,"version":"9.4.2","resolution":"D:\\AmazonClone\\amazon-clone\\functions\\node_modules\\firebase-admin\\lib\\index.js"}} {"metadata":{"emulator":{"name":"functions"},"message":"[runtime-status] [4412] firebase-admin has been stubbed. {\"adminResolution\":{\"declared\":true,\"installed\":true,\"version\":\"9.4.2\",\"resolution\":\"D:\\\\AmazonClone\\\\amazon-clone\\\\functions\\\\node_modules\\\\firebase-admin\\\\lib\\\\index.js\"}}"}}
[debug] [2021-01-14T05:55:38.615Z] [worker-~diagnostic~-576e0f69-f905-4b1c-812e-1f48f6a577c5]: IDLE {"metadata":{"emulator":{"name":"functions"},"message":"[worker-~diagnostic~-576e0f69-f905-4b1c-812e-1f48f6a577c5]: IDLE"}}
[debug] [2021-01-14T05:58:44.233Z] File D:\AmazonClone\amazon-clone\functions\config\stripeSecretKey.js changed, reloading triggers {"metadata":{"emulator":{"name":"functions"},"message":"File D:\\AmazonClone\\amazon-clone\\functions\\config\\stripeSecretKey.js changed, reloading triggers"}}
[debug] [2021-01-14T05:58:45.235Z] [worker-pool] Shutting down IDLE worker (~diagnostic~) {"metadata":{"emulator":{"name":"functions"},"message":"[worker-pool] Shutting down IDLE worker (~diagnostic~)"}}
[debug] [2021-01-14T05:58:45.235Z] [worker-~diagnostic~-576e0f69-f905-4b1c-812e-1f48f6a577c5]: FINISHING {"metadata":{"emulator":{"name":"functions"},"message":"[worker-~diagnostic~-576e0f69-f905-4b1c-812e-1f48f6a577c5]: FINISHING"}}
[debug] [2021-01-14T05:58:45.236Z] [worker-pool] Cleaned up workers for ~diagnostic~: 2 --> 1 {"metadata":{"emulator":{"name":"functions"},"message":"[worker-pool] Cleaned up workers for ~diagnostic~: 2 --> 1"}}
[debug] [2021-01-14T05:58:45.246Z] [worker-pool] addWorker(~diagnostic~) {"metadata":{"emulator":{"name":"functions"},"message":"[worker-pool] addWorker(~diagnostic~)"}}
[debug] [2021-01-14T05:58:45.246Z] [worker-pool] Adding worker with key ~diagnostic~, total=2 {"metadata":{"emulator":{"name":"functions"},"message":"[worker-pool] Adding worker with key ~diagnostic~, total=2"}}
[debug] [2021-01-14T05:58:45.246Z] [worker-pool] submitWork(triggerId=) {"metadata":{"emulator":{"name":"functions"},"message":"[worker-pool] submitWork(triggerId=)"}}
[debug] [2021-01-14T05:58:45.247Z] [worker-~diagnostic~-86007f47-fab3-400d-9a51-41611092cb7e]: Assigning socketPath: \\?\pipe\D:\AmazonClone\amazon-clone\functions\9044 {"metadata":{"emulator":{"name":"functions"},"message":"[worker-~diagnostic~-86007f47-fab3-400d-9a51-41611092cb7e]: Assigning socketPath: \\\\?\\pipe\\D:\\AmazonClone\\amazon-clone\\functions\\9044"}}
[debug] [2021-01-14T05:58:45.248Z] [worker-~diagnostic~-86007f47-fab3-400d-9a51-41611092cb7e]: BUSY {"metadata":{"emulator":{"name":"functions"},"message":"[worker-~diagnostic~-86007f47-fab3-400d-9a51-41611092cb7e]: BUSY"}}
[debug] [2021-01-14T05:58:45.263Z] [worker-~diagnostic~-576e0f69-f905-4b1c-812e-1f48f6a577c5]: exited {"metadata":{"emulator":{"name":"functions"},"message":"[worker-~diagnostic~-576e0f69-f905-4b1c-812e-1f48f6a577c5]: exited"}}
[debug] [2021-01-14T05:58:45.263Z] [worker-~diagnostic~-576e0f69-f905-4b1c-812e-1f48f6a577c5]: FINISHED {"metadata":{"emulator":{"name":"functions"},"message":"[worker-~diagnostic~-576e0f69-f905-4b1c-812e-1f48f6a577c5]: FINISHED"}}
[debug] [2021-01-14T05:58:46.374Z] [runtime-status] [9044] Functions runtime initialized. {"cwd":"D:\\AmazonClone\\amazon-clone\\functions","node_version":"12.18.3"} {"metadata":{"emulator":{"name":"functions"},"message":"[runtime-status] [9044] Functions runtime initialized. {\"cwd\":\"D:\\\\AmazonClone\\\\amazon-clone\\\\functions\",\"node_version\":\"12.18.3\"}"}}
[debug] [2021-01-14T05:58:46.380Z] [runtime-status] [9044] Disabled runtime features: undefined {"metadata":{"emulator":{"name":"functions"},"message":"[runtime-status] [9044] Disabled runtime features: undefined"}}
[debug] [2021-01-14T05:58:46.394Z] [runtime-status] [9044] Resolved module firebase-admin {"declared":true,"installed":true,"version":"9.4.2","resolution":"D:\\AmazonClone\\amazon-clone\\functions\\node_modules\\firebase-admin\\lib\\index.js"} {"metadata":{"emulator":{"name":"functions"},"message":"[runtime-status] [9044] Resolved module firebase-admin {\"declared\":true,\"installed\":true,\"version\":\"9.4.2\",\"resolution\":\"D:\\\\AmazonClone\\\\amazon-clone\\\\functions\\\\node_modules\\\\firebase-admin\\\\lib\\\\index.js\"}"}}
[debug] [2021-01-14T05:58:46.400Z] [runtime-status] [9044] Resolved module firebase-functions {"declared":true,"installed":true,"version":"3.13.0","resolution":"D:\\AmazonClone\\amazon-clone\\functions\\node_modules\\firebase-functions\\lib\\index.js"} {"metadata":{"emulator":{"name":"functions"},"message":"[runtime-status] [9044] Resolved module firebase-functions {\"declared\":true,\"installed\":true,\"version\":\"3.13.0\",\"resolution\":\"D:\\\\AmazonClone\\\\amazon-clone\\\\functions\\\\node_modules\\\\firebase-functions\\\\lib\\\\index.js\"}"}}
[debug] [2021-01-14T05:58:46.403Z] [runtime-status] [9044] Resolved module firebase-functions {"declared":true,"installed":true,"version":"3.13.0","resolution":"D:\\AmazonClone\\amazon-clone\\functions\\node_modules\\firebase-functions\\lib\\index.js"} {"metadata":{"emulator":{"name":"functions"},"message":"[runtime-status] [9044] Resolved module firebase-functions {\"declared\":true,\"installed\":true,\"version\":\"3.13.0\",\"resolution\":\"D:\\\\AmazonClone\\\\amazon-clone\\\\functions\\\\node_modules\\\\firebase-functions\\\\lib\\\\index.js\"}"}}
[debug] [2021-01-14T05:58:46.410Z] [runtime-status] [9044] Outgoing network have been stubbed. [{"name":"http","status":"mocked"},{"name":"http","status":"mocked"},{"name":"https","status":"mocked"},{"name":"https","status":"mocked"},{"name":"net","status":"mocked"}] {"metadata":{"emulator":{"name":"functions"},"message":"[runtime-status] [9044] Outgoing network have been stubbed. [{\"name\":\"http\",\"status\":\"mocked\"},{\"name\":\"http\",\"status\":\"mocked\"},{\"name\":\"https\",\"status\":\"mocked\"},{\"name\":\"https\",\"status\":\"mocked\"},{\"name\":\"net\",\"status\":\"mocked\"}]"}}
[debug] [2021-01-14T05:58:46.413Z] [runtime-status] [9044] Resolved module firebase-functions {"declared":true,"installed":true,"version":"3.13.0","resolution":"D:\\AmazonClone\\amazon-clone\\functions\\node_modules\\firebase-functions\\lib\\index.js"} {"metadata":{"emulator":{"name":"functions"},"message":"[runtime-status] [9044] Resolved module firebase-functions {\"declared\":true,\"installed\":true,\"version\":\"3.13.0\",\"resolution\":\"D:\\\\AmazonClone\\\\amazon-clone\\\\functions\\\\node_modules\\\\firebase-functions\\\\lib\\\\index.js\"}"}}
[debug] [2021-01-14T05:58:46.601Z] [runtime-status] [9044] Checked functions.config() {"config":{}} {"metadata":{"emulator":{"name":"functions"},"message":"[runtime-status] [9044] Checked functions.config() {\"config\":{}}"}}
[debug] [2021-01-14T05:58:46.607Z] [runtime-status] [9044] firebase-functions has been stubbed. {"functionsResolution":{"declared":true,"installed":true,"version":"3.13.0","resolution":"D:\\AmazonClone\\amazon-clone\\functions\\node_modules\\firebase-functions\\lib\\index.js"}} {"metadata":{"emulator":{"name":"functions"},"message":"[runtime-status] [9044] firebase-functions has been stubbed. {\"functionsResolution\":{\"declared\":true,\"installed\":true,\"version\":\"3.13.0\",\"resolution\":\"D:\\\\AmazonClone\\\\amazon-clone\\\\functions\\\\node_modules\\\\firebase-functions\\\\lib\\\\index.js\"}}"}}
[debug] [2021-01-14T05:58:46.608Z] [runtime-status] [9044] Resolved module firebase-functions {"declared":true,"installed":true,"version":"3.13.0","resolution":"D:\\AmazonClone\\amazon-clone\\functions\\node_modules\\firebase-functions\\lib\\index.js"} {"metadata":{"emulator":{"name":"functions"},"message":"[runtime-status] [9044] Resolved module firebase-functions {\"declared\":true,\"installed\":true,\"version\":\"3.13.0\",\"resolution\":\"D:\\\\AmazonClone\\\\amazon-clone\\\\functions\\\\node_modules\\\\firebase-functions\\\\lib\\\\index.js\"}"}}
[debug] [2021-01-14T05:58:46.610Z] [runtime-status] [9044] Resolved module firebase-admin {"declared":true,"installed":true,"version":"9.4.2","resolution":"D:\\AmazonClone\\amazon-clone\\functions\\node_modules\\firebase-admin\\lib\\index.js"} {"metadata":{"emulator":{"name":"functions"},"message":"[runtime-status] [9044] Resolved module firebase-admin {\"declared\":true,\"installed\":true,\"version\":\"9.4.2\",\"resolution\":\"D:\\\\AmazonClone\\\\amazon-clone\\\\functions\\\\node_modules\\\\firebase-admin\\\\lib\\\\index.js\"}"}}
[debug] [2021-01-14T05:58:46.617Z] [runtime-status] [9044] Resolved module firebase-functions {"declared":true,"installed":true,"version":"3.13.0","resolution":"D:\\AmazonClone\\amazon-clone\\functions\\node_modules\\firebase-functions\\lib\\index.js"} {"metadata":{"emulator":{"name":"functions"},"message":"[runtime-status] [9044] Resolved module firebase-functions {\"declared\":true,\"installed\":true,\"version\":\"3.13.0\",\"resolution\":\"D:\\\\AmazonClone\\\\amazon-clone\\\\functions\\\\node_modules\\\\firebase-functions\\\\lib\\\\index.js\"}"}}
[debug] [2021-01-14T05:58:46.618Z] [runtime-status] [9044] firebase-admin has been stubbed. {"adminResolution":{"declared":true,"installed":true,"version":"9.4.2","resolution":"D:\\AmazonClone\\amazon-clone\\functions\\node_modules\\firebase-admin\\lib\\index.js"}} {"metadata":{"emulator":{"name":"functions"},"message":"[runtime-status] [9044] firebase-admin has been stubbed. {\"adminResolution\":{\"declared\":true,\"installed\":true,\"version\":\"9.4.2\",\"resolution\":\"D:\\\\AmazonClone\\\\amazon-clone\\\\functions\\\\node_modules\\\\firebase-admin\\\\lib\\\\index.js\"}}"}}
[debug] [2021-01-14T05:58:47.124Z] [worker-~diagnostic~-86007f47-fab3-400d-9a51-41611092cb7e]: IDLE {"metadata":{"emulator":{"name":"functions"},"message":"[worker-~diagnostic~-86007f47-fab3-400d-9a51-41611092cb7e]: IDLE"}}
[debug] [2021-01-14T05:59:17.926Z] File D:\AmazonClone\amazon-clone\functions\config\stripeSecretKey.js changed, reloading triggers {"metadata":{"emulator":{"name":"functions"},"message":"File D:\\AmazonClone\\amazon-clone\\functions\\config\\stripeSecretKey.js changed, reloading triggers"}}
[debug] [2021-01-14T05:59:18.927Z] [worker-pool] Shutting down IDLE worker (~diagnostic~) {"metadata":{"emulator":{"name":"functions"},"message":"[worker-pool] Shutting down IDLE worker (~diagnostic~)"}}
[debug] [2021-01-14T05:59:18.928Z] [worker-~diagnostic~-86007f47-fab3-400d-9a51-41611092cb7e]: FINISHING {"metadata":{"emulator":{"name":"functions"},"message":"[worker-~diagnostic~-86007f47-fab3-400d-9a51-41611092cb7e]: FINISHING"}}
[debug] [2021-01-14T05:59:18.929Z] [worker-pool] Cleaned up workers for ~diagnostic~: 2 --> 1 {"metadata":{"emulator":{"name":"functions"},"message":"[worker-pool] Cleaned up workers for ~diagnostic~: 2 --> 1"}}
[debug] [2021-01-14T05:59:18.945Z] [worker-pool] addWorker(~diagnostic~) {"metadata":{"emulator":{"name":"functions"},"message":"[worker-pool] addWorker(~diagnostic~)"}}
[debug] [2021-01-14T05:59:18.945Z] [worker-pool] Adding worker with key ~diagnostic~, total=2 {"metadata":{"emulator":{"name":"functions"},"message":"[worker-pool] Adding worker with key ~diagnostic~, total=2"}}
[debug] [2021-01-14T05:59:18.946Z] [worker-pool] submitWork(triggerId=) {"metadata":{"emulator":{"name":"functions"},"message":"[worker-pool] submitWork(triggerId=)"}}
[debug] [2021-01-14T05:59:18.947Z] [worker-~diagnostic~-b52fd4b7-bb69-4741-b5d1-f0b5c4b1fe1e]: Assigning socketPath: \\?\pipe\D:\AmazonClone\amazon-clone\functions\8652 {"metadata":{"emulator":{"name":"functions"},"message":"[worker-~diagnostic~-b52fd4b7-bb69-4741-b5d1-f0b5c4b1fe1e]: Assigning socketPath: \\\\?\\pipe\\D:\\AmazonClone\\amazon-clone\\functions\\8652"}}
[debug] [2021-01-14T05:59:18.947Z] [worker-~diagnostic~-b52fd4b7-bb69-4741-b5d1-f0b5c4b1fe1e]: BUSY {"metadata":{"emulator":{"name":"functions"},"message":"[worker-~diagnostic~-b52fd4b7-bb69-4741-b5d1-f0b5c4b1fe1e]: BUSY"}}
[debug] [2021-01-14T05:59:18.958Z] [worker-~diagnostic~-86007f47-fab3-400d-9a51-41611092cb7e]: exited {"metadata":{"emulator":{"name":"functions"},"message":"[worker-~diagnostic~-86007f47-fab3-400d-9a51-41611092cb7e]: exited"}}
[debug] [2021-01-14T05:59:18.960Z] [worker-~diagnostic~-86007f47-fab3-400d-9a51-41611092cb7e]: FINISHED {"metadata":{"emulator":{"name":"functions"},"message":"[worker-~diagnostic~-86007f47-fab3-400d-9a51-41611092cb7e]: FINISHED"}}
[debug] [2021-01-14T05:59:20.108Z] [runtime-status] [8652] Functions runtime initialized. {"cwd":"D:\\AmazonClone\\amazon-clone\\functions","node_version":"12.18.3"} {"metadata":{"emulator":{"name":"functions"},"message":"[runtime-status] [8652] Functions runtime initialized. {\"cwd\":\"D:\\\\AmazonClone\\\\amazon-clone\\\\functions\",\"node_version\":\"12.18.3\"}"}}
[debug] [2021-01-14T05:59:20.125Z] [runtime-status] [8652] Disabled runtime features: undefined {"metadata":{"emulator":{"name":"functions"},"message":"[runtime-status] [8652] Disabled runtime features: undefined"}}
[debug] [2021-01-14T05:59:20.160Z] [runtime-status] [8652] Resolved module firebase-admin {"declared":true,"installed":true,"version":"9.4.2","resolution":"D:\\AmazonClone\\amazon-clone\\functions\\node_modules\\firebase-admin\\lib\\index.js"} {"metadata":{"emulator":{"name":"functions"},"message":"[runtime-status] [8652] Resolved module firebase-admin {\"declared\":true,\"installed\":true,\"version\":\"9.4.2\",\"resolution\":\"D:\\\\AmazonClone\\\\amazon-clone\\\\functions\\\\node_modules\\\\firebase-admin\\\\lib\\\\index.js\"}"}}
[debug] [2021-01-14T05:59:20.168Z] [runtime-status] [8652] Resolved module firebase-functions {"declared":true,"installed":true,"version":"3.13.0","resolution":"D:\\AmazonClone\\amazon-clone\\functions\\node_modules\\firebase-functions\\lib\\index.js"} {"metadata":{"emulator":{"name":"functions"},"message":"[runtime-status] [8652] Resolved module firebase-functions {\"declared\":true,\"installed\":true,\"version\":\"3.13.0\",\"resolution\":\"D:\\\\AmazonClone\\\\amazon-clone\\\\functions\\\\node_modules\\\\firebase-functions\\\\lib\\\\index.js\"}"}}
[debug] [2021-01-14T05:59:20.176Z] [runtime-status] [8652] Resolved module firebase-functions {"declared":true,"installed":true,"version":"3.13.0","resolution":"D:\\AmazonClone\\amazon-clone\\functions\\node_modules\\firebase-functions\\lib\\index.js"} {"metadata":{"emulator":{"name":"functions"},"message":"[runtime-status] [8652] Resolved module firebase-functions {\"declared\":true,\"installed\":true,\"version\":\"3.13.0\",\"resolution\":\"D:\\\\AmazonClone\\\\amazon-clone\\\\functions\\\\node_modules\\\\firebase-functions\\\\lib\\\\index.js\"}"}}
[debug] [2021-01-14T05:59:20.187Z] [runtime-status] [8652] Outgoing network have been stubbed. [{"name":"http","status":"mocked"},{"name":"http","status":"mocked"},{"name":"https","status":"mocked"},{"name":"https","status":"mocked"},{"name":"net","status":"mocked"}] {"metadata":{"emulator":{"name":"functions"},"message":"[runtime-status] [8652] Outgoing network have been stubbed. [{\"name\":\"http\",\"status\":\"mocked\"},{\"name\":\"http\",\"status\":\"mocked\"},{\"name\":\"https\",\"status\":\"mocked\"},{\"name\":\"https\",\"status\":\"mocked\"},{\"name\":\"net\",\"status\":\"mocked\"}]"}}
[debug] [2021-01-14T05:59:20.189Z] [runtime-status] [8652] Resolved module firebase-functions {"declared":true,"installed":true,"version":"3.13.0","resolution":"D:\\AmazonClone\\amazon-clone\\functions\\node_modules\\firebase-functions\\lib\\index.js"} {"metadata":{"emulator":{"name":"functions"},"message":"[runtime-status] [8652] Resolved module firebase-functions {\"declared\":true,\"installed\":true,\"version\":\"3.13.0\",\"resolution\":\"D:\\\\AmazonClone\\\\amazon-clone\\\\functions\\\\node_modules\\\\firebase-functions\\\\lib\\\\index.js\"}"}}
[debug] [2021-01-14T05:59:20.403Z] [runtime-status] [8652] Checked functions.config() {"config":{}} {"metadata":{"emulator":{"name":"functions"},"message":"[runtime-status] [8652] Checked functions.config() {\"config\":{}}"}}
[debug] [2021-01-14T05:59:20.404Z] [runtime-status] [8652] firebase-functions has been stubbed. {"functionsResolution":{"declared":true,"installed":true,"version":"3.13.0","resolution":"D:\\AmazonClone\\amazon-clone\\functions\\node_modules\\firebase-functions\\lib\\index.js"}} {"metadata":{"emulator":{"name":"functions"},"message":"[runtime-status] [8652] firebase-functions has been stubbed. {\"functionsResolution\":{\"declared\":true,\"installed\":true,\"version\":\"3.13.0\",\"resolution\":\"D:\\\\AmazonClone\\\\amazon-clone\\\\functions\\\\node_modules\\\\firebase-functions\\\\lib\\\\index.js\"}}"}}
[debug] [2021-01-14T05:59:20.406Z] [runtime-status] [8652] Resolved module firebase-functions {"declared":true,"installed":true,"version":"3.13.0","resolution":"D:\\AmazonClone\\amazon-clone\\functions\\node_modules\\firebase-functions\\lib\\index.js"} {"metadata":{"emulator":{"name":"functions"},"message":"[runtime-status] [8652] Resolved module firebase-functions {\"declared\":true,\"installed\":true,\"version\":\"3.13.0\",\"resolution\":\"D:\\\\AmazonClone\\\\amazon-clone\\\\functions\\\\node_modules\\\\firebase-functions\\\\lib\\\\index.js\"}"}}
[debug] [2021-01-14T05:59:20.410Z] [runtime-status] [8652] Resolved module firebase-admin {"declared":true,"installed":true,"version":"9.4.2","resolution":"D:\\AmazonClone\\amazon-clone\\functions\\node_modules\\firebase-admin\\lib\\index.js"} {"metadata":{"emulator":{"name":"functions"},"message":"[runtime-status] [8652] Resolved module firebase-admin {\"declared\":true,\"installed\":true,\"version\":\"9.4.2\",\"resolution\":\"D:\\\\AmazonClone\\\\amazon-clone\\\\functions\\\\node_modules\\\\firebase-admin\\\\lib\\\\index.js\"}"}}
[debug] [2021-01-14T05:59:20.411Z] [runtime-status] [8652] Resolved module firebase-functions {"declared":true,"installed":true,"version":"3.13.0","resolution":"D:\\AmazonClone\\amazon-clone\\functions\\node_modules\\firebase-functions\\lib\\index.js"} {"metadata":{"emulator":{"name":"functions"},"message":"[runtime-status] [8652] Resolved module firebase-functions {\"declared\":true,\"installed\":true,\"version\":\"3.13.0\",\"resolution\":\"D:\\\\AmazonClone\\\\amazon-clone\\\\functions\\\\node_modules\\\\firebase-functions\\\\lib\\\\index.js\"}"}}
[debug] [2021-01-14T05:59:20.412Z] [runtime-status] [8652] firebase-admin has been stubbed. {"adminResolution":{"declared":true,"installed":true,"version":"9.4.2","resolution":"D:\\AmazonClone\\amazon-clone\\functions\\node_modules\\firebase-admin\\lib\\index.js"}} {"metadata":{"emulator":{"name":"functions"},"message":"[runtime-status] [8652] firebase-admin has been stubbed. {\"adminResolution\":{\"declared\":true,\"installed\":true,\"version\":\"9.4.2\",\"resolution\":\"D:\\\\AmazonClone\\\\amazon-clone\\\\functions\\\\node_modules\\\\firebase-admin\\\\lib\\\\index.js\"}}"}}
[debug] [2021-01-14T05:59:20.879Z] [worker-~diagnostic~-b52fd4b7-bb69-4741-b5d1-f0b5c4b1fe1e]: IDLE {"metadata":{"emulator":{"name":"functions"},"message":"[worker-~diagnostic~-b52fd4b7-bb69-4741-b5d1-f0b5c4b1fe1e]: IDLE"}}
[debug] [2021-01-14T06:00:29.692Z] File D:\AmazonClone\amazon-clone\functions\config\stripeSecretKey.js changed, reloading triggers {"metadata":{"emulator":{"name":"functions"},"message":"File D:\\AmazonClone\\amazon-clone\\functions\\config\\stripeSecretKey.js changed, reloading triggers"}}
[debug] [2021-01-14T06:00:30.693Z] [worker-pool] Shutting down IDLE worker (~diagnostic~) {"metadata":{"emulator":{"name":"functions"},"message":"[worker-pool] Shutting down IDLE worker (~diagnostic~)"}}
[debug] [2021-01-14T06:00:30.694Z] [worker-~diagnostic~-b52fd4b7-bb69-4741-b5d1-f0b5c4b1fe1e]: FINISHING {"metadata":{"emulator":{"name":"functions"},"message":"[worker-~diagnostic~-b52fd4b7-bb69-4741-b5d1-f0b5c4b1fe1e]: FINISHING"}}
[debug] [2021-01-14T06:00:30.696Z] [worker-pool] Cleaned up workers for ~diagnostic~: 2 --> 1 {"metadata":{"emulator":{"name":"functions"},"message":"[worker-pool] Cleaned up workers for ~diagnostic~: 2 --> 1"}}
[debug] [2021-01-14T06:00:30.706Z] [worker-pool] addWorker(~diagnostic~) {"metadata":{"emulator":{"name":"functions"},"message":"[worker-pool] addWorker(~diagnostic~)"}}
[debug] [2021-01-14T06:00:30.706Z] [worker-pool] Adding worker with key ~diagnostic~, total=2 {"metadata":{"emulator":{"name":"functions"},"message":"[worker-pool] Adding worker with key ~diagnostic~, total=2"}}
[debug] [2021-01-14T06:00:30.707Z] [worker-pool] submitWork(triggerId=) {"metadata":{"emulator":{"name":"functions"},"message":"[worker-pool] submitWork(triggerId=)"}}
[debug] [2021-01-14T06:00:30.707Z] [worker-~diagnostic~-c270d67c-3658-4a50-9654-7c8de7535399]: Assigning socketPath: \\?\pipe\D:\AmazonClone\amazon-clone\functions\4812 {"metadata":{"emulator":{"name":"functions"},"message":"[worker-~diagnostic~-c270d67c-3658-4a50-9654-7c8de7535399]: Assigning socketPath: \\\\?\\pipe\\D:\\AmazonClone\\amazon-clone\\functions\\4812"}}
[debug] [2021-01-14T06:00:30.707Z] [worker-~diagnostic~-c270d67c-3658-4a50-9654-7c8de7535399]: BUSY {"metadata":{"emulator":{"name":"functions"},"message":"[worker-~diagnostic~-c270d67c-3658-4a50-9654-7c8de7535399]: BUSY"}}
[debug] [2021-01-14T06:00:30.736Z] [worker-~diagnostic~-b52fd4b7-bb69-4741-b5d1-f0b5c4b1fe1e]: exited {"metadata":{"emulator":{"name":"functions"},"message":"[worker-~diagnostic~-b52fd4b7-bb69-4741-b5d1-f0b5c4b1fe1e]: exited"}}
[debug] [2021-01-14T06:00:30.738Z] [worker-~diagnostic~-b52fd4b7-bb69-4741-b5d1-f0b5c4b1fe1e]: FINISHED {"metadata":{"emulator":{"name":"functions"},"message":"[worker-~diagnostic~-b52fd4b7-bb69-4741-b5d1-f0b5c4b1fe1e]: FINISHED"}}
[debug] [2021-01-14T06:00:31.832Z] [runtime-status] [4812] Functions runtime initialized. {"cwd":"D:\\AmazonClone\\amazon-clone\\functions","node_version":"12.18.3"} {"metadata":{"emulator":{"name":"functions"},"message":"[runtime-status] [4812] Functions runtime initialized. {\"cwd\":\"D:\\\\AmazonClone\\\\amazon-clone\\\\functions\",\"node_version\":\"12.18.3\"}"}}
[debug] [2021-01-14T06:00:31.833Z] [runtime-status] [4812] Disabled runtime features: undefined {"metadata":{"emulator":{"name":"functions"},"message":"[runtime-status] [4812] Disabled runtime features: undefined"}}
[debug] [2021-01-14T06:00:31.845Z] [runtime-status] [4812] Resolved module firebase-admin {"declared":true,"installed":true,"version":"9.4.2","resolution":"D:\\AmazonClone\\amazon-clone\\functions\\node_modules\\firebase-admin\\lib\\index.js"} {"metadata":{"emulator":{"name":"functions"},"message":"[runtime-status] [4812] Resolved module firebase-admin {\"declared\":true,\"installed\":true,\"version\":\"9.4.2\",\"resolution\":\"D:\\\\AmazonClone\\\\amazon-clone\\\\functions\\\\node_modules\\\\firebase-admin\\\\lib\\\\index.js\"}"}}
[debug] [2021-01-14T06:00:31.853Z] [runtime-status] [4812] Resolved module firebase-functions {"declared":true,"installed":true,"version":"3.13.0","resolution":"D:\\AmazonClone\\amazon-clone\\functions\\node_modules\\firebase-functions\\lib\\index.js"} {"metadata":{"emulator":{"name":"functions"},"message":"[runtime-status] [4812] Resolved module firebase-functions {\"declared\":true,\"installed\":true,\"version\":\"3.13.0\",\"resolution\":\"D:\\\\AmazonClone\\\\amazon-clone\\\\functions\\\\node_modules\\\\firebase-functions\\\\lib\\\\index.js\"}"}}
[debug] [2021-01-14T06:00:31.859Z] [runtime-status] [4812] Resolved module firebase-functions {"declared":true,"installed":true,"version":"3.13.0","resolution":"D:\\AmazonClone\\amazon-clone\\functions\\node_modules\\firebase-functions\\lib\\index.js"} {"metadata":{"emulator":{"name":"functions"},"message":"[runtime-status] [4812] Resolved module firebase-functions {\"declared\":true,\"installed\":true,\"version\":\"3.13.0\",\"resolution\":\"D:\\\\AmazonClone\\\\amazon-clone\\\\functions\\\\node_modules\\\\firebase-functions\\\\lib\\\\index.js\"}"}}
[debug] [2021-01-14T06:00:31.871Z] [runtime-status] [4812] Outgoing network have been stubbed. [{"name":"http","status":"mocked"},{"name":"http","status":"mocked"},{"name":"https","status":"mocked"},{"name":"https","status":"mocked"},{"name":"net","status":"mocked"}] {"metadata":{"emulator":{"name":"functions"},"message":"[runtime-status] [4812] Outgoing network have been stubbed. [{\"name\":\"http\",\"status\":\"mocked\"},{\"name\":\"http\",\"status\":\"mocked\"},{\"name\":\"https\",\"status\":\"mocked\"},{\"name\":\"https\",\"status\":\"mocked\"},{\"name\":\"net\",\"status\":\"mocked\"}]"}}
[debug] [2021-01-14T06:00:31.874Z] [runtime-status] [4812] Resolved module firebase-functions {"declared":true,"installed":true,"version":"3.13.0","resolution":"D:\\AmazonClone\\amazon-clone\\functions\\node_modules\\firebase-functions\\lib\\index.js"} {"metadata":{"emulator":{"name":"functions"},"message":"[runtime-status] [4812] Resolved module firebase-functions {\"declared\":true,\"installed\":true,\"version\":\"3.13.0\",\"resolution\":\"D:\\\\AmazonClone\\\\amazon-clone\\\\functions\\\\node_modules\\\\firebase-functions\\\\lib\\\\index.js\"}"}}
[debug] [2021-01-14T06:00:32.144Z] [runtime-status] [4812] Checked functions.config() {"config":{}} {"metadata":{"emulator":{"name":"functions"},"message":"[runtime-status] [4812] Checked functions.config() {\"config\":{}}"}}
[debug] [2021-01-14T06:00:32.144Z] [runtime-status] [4812] firebase-functions has been stubbed. {"functionsResolution":{"declared":true,"installed":true,"version":"3.13.0","resolution":"D:\\AmazonClone\\amazon-clone\\functions\\node_modules\\firebase-functions\\lib\\index.js"}} {"metadata":{"emulator":{"name":"functions"},"message":"[runtime-status] [4812] firebase-functions has been stubbed. {\"functionsResolution\":{\"declared\":true,\"installed\":true,\"version\":\"3.13.0\",\"resolution\":\"D:\\\\AmazonClone\\\\amazon-clone\\\\functions\\\\node_modules\\\\firebase-functions\\\\lib\\\\index.js\"}}"}}
[debug] [2021-01-14T06:00:32.146Z] [runtime-status] [4812] Resolved module firebase-functions {"declared":true,"installed":true,"version":"3.13.0","resolution":"D:\\AmazonClone\\amazon-clone\\functions\\node_modules\\firebase-functions\\lib\\index.js"} {"metadata":{"emulator":{"name":"functions"},"message":"[runtime-status] [4812] Resolved module firebase-functions {\"declared\":true,\"installed\":true,\"version\":\"3.13.0\",\"resolution\":\"D:\\\\AmazonClone\\\\amazon-clone\\\\functions\\\\node_modules\\\\firebase-functions\\\\lib\\\\index.js\"}"}}
[debug] [2021-01-14T06:00:32.148Z] [runtime-status] [4812] Resolved module firebase-admin {"declared":true,"installed":true,"version":"9.4.2","resolution":"D:\\AmazonClone\\amazon-clone\\functions\\node_modules\\firebase-admin\\lib\\index.js"} {"metadata":{"emulator":{"name":"functions"},"message":"[runtime-status] [4812] Resolved module firebase-admin {\"declared\":true,\"installed\":true,\"version\":\"9.4.2\",\"resolution\":\"D:\\\\AmazonClone\\\\amazon-clone\\\\functions\\\\node_modules\\\\firebase-admin\\\\lib\\\\index.js\"}"}}
[debug] [2021-01-14T06:00:32.150Z] [runtime-status] [4812] Resolved module firebase-functions {"declared":true,"installed":true,"version":"3.13.0","resolution":"D:\\AmazonClone\\amazon-clone\\functions\\node_modules\\firebase-functions\\lib\\index.js"} {"metadata":{"emulator":{"name":"functions"},"message":"[runtime-status] [4812] Resolved module firebase-functions {\"declared\":true,\"installed\":true,\"version\":\"3.13.0\",\"resolution\":\"D:\\\\AmazonClone\\\\amazon-clone\\\\functions\\\\node_modules\\\\firebase-functions\\\\lib\\\\index.js\"}"}}
[debug] [2021-01-14T06:00:32.150Z] [runtime-status] [4812] firebase-admin has been stubbed. {"adminResolution":{"declared":true,"installed":true,"version":"9.4.2","resolution":"D:\\AmazonClone\\amazon-clone\\functions\\node_modules\\firebase-admin\\lib\\index.js"}} {"metadata":{"emulator":{"name":"functions"},"message":"[runtime-status] [4812] firebase-admin has been stubbed. {\"adminResolution\":{\"declared\":true,\"installed\":true,\"version\":\"9.4.2\",\"resolution\":\"D:\\\\AmazonClone\\\\amazon-clone\\\\functions\\\\node_modules\\\\firebase-admin\\\\lib\\\\index.js\"}}"}}
[debug] [2021-01-14T06:00:32.564Z] [worker-~diagnostic~-c270d67c-3658-4a50-9654-7c8de7535399]: IDLE {"metadata":{"emulator":{"name":"functions"},"message":"[worker-~diagnostic~-c270d67c-3658-4a50-9654-7c8de7535399]: IDLE"}}
[debug] [2021-01-14T06:00:39.341Z] File D:\AmazonClone\amazon-clone\functions\index.js changed, reloading triggers {"metadata":{"emulator":{"name":"functions"},"message":"File D:\\AmazonClone\\amazon-clone\\functions\\index.js changed, reloading triggers"}}
